\BOOKMARK [0][-]{chapter.1}{\376\377\000N\000a\000m\000e\000s\000p\000a\000c\000e\000\040\000I\000n\000d\000e\000x}{}
\BOOKMARK [1][-]{section.1.1}{\376\377\000P\000a\000c\000k\000a\000g\000e\000\040\000L\000i\000s\000t}{chapter.1}
\BOOKMARK [0][-]{chapter.2}{\376\377\000C\000l\000a\000s\000s\000\040\000I\000n\000d\000e\000x}{}
\BOOKMARK [1][-]{section.2.1}{\376\377\000C\000l\000a\000s\000s\000\040\000H\000i\000e\000r\000a\000r\000c\000h\000y}{chapter.2}
\BOOKMARK [0][-]{chapter.3}{\376\377\000C\000l\000a\000s\000s\000\040\000I\000n\000d\000e\000x}{}
\BOOKMARK [1][-]{section.3.1}{\376\377\000C\000l\000a\000s\000s\000\040\000L\000i\000s\000t}{chapter.3}
\BOOKMARK [0][-]{chapter.4}{\376\377\000F\000i\000l\000e\000\040\000I\000n\000d\000e\000x}{}
\BOOKMARK [1][-]{section.4.1}{\376\377\000F\000i\000l\000e\000\040\000L\000i\000s\000t}{chapter.4}
\BOOKMARK [0][-]{chapter.5}{\376\377\000N\000a\000m\000e\000s\000p\000a\000c\000e\000\040\000D\000o\000c\000u\000m\000e\000n\000t\000a\000t\000i\000o\000n}{}
\BOOKMARK [1][-]{section.5.1}{\376\377\000P\000a\000c\000k\000a\000g\000e\000\040\000s\000e\000p}{chapter.5}
\BOOKMARK [1][-]{section.5.2}{\376\377\000P\000a\000c\000k\000a\000g\000e\000\040\000s\000e\000p\000.\000c\000o\000n\000q\000u\000e\000s\000t}{chapter.5}
\BOOKMARK [1][-]{section.5.3}{\376\377\000P\000a\000c\000k\000a\000g\000e\000\040\000s\000e\000p\000.\000c\000o\000n\000q\000u\000e\000s\000t\000.\000c\000o\000n\000t\000r\000o\000l\000l\000e\000r}{chapter.5}
\BOOKMARK [1][-]{section.5.4}{\376\377\000P\000a\000c\000k\000a\000g\000e\000\040\000s\000e\000p\000.\000c\000o\000n\000q\000u\000e\000s\000t\000.\000m\000o\000d\000e\000l}{chapter.5}
\BOOKMARK [2][-]{subsection.5.4.1}{\376\377\000E\000n\000u\000m\000e\000r\000a\000t\000i\000o\000n\000\040\000T\000y\000p\000e\000\040\000D\000o\000c\000u\000m\000e\000n\000t\000a\000t\000i\000o\000n}{section.5.4}
\BOOKMARK [3][-]{subsubsection.5.4.1.1}{\376\377\000D\000r\000i\000v\000e}{subsection.5.4.1}
\BOOKMARK [3][-]{subsubsection.5.4.1.2}{\376\377\000M\000e\000s\000s\000a\000g\000e\000T\000y\000p\000e}{subsection.5.4.1}
\BOOKMARK [0][-]{chapter.6}{\376\377\000C\000l\000a\000s\000s\000\040\000D\000o\000c\000u\000m\000e\000n\000t\000a\000t\000i\000o\000n}{}
\BOOKMARK [1][-]{section.6.1}{\376\377\000s\000e\000p\000.\000c\000o\000n\000q\000u\000e\000s\000t\000.\000m\000o\000d\000e\000l\000.\000B\000e\000h\000a\000v\000i\000o\000u\000r\000\040\000C\000l\000a\000s\000s\000\040\000R\000e\000f\000e\000r\000e\000n\000c\000e}{chapter.6}
\BOOKMARK [2][-]{subsection.6.1.1}{\376\377\000D\000e\000t\000a\000i\000l\000e\000d\000\040\000D\000e\000s\000c\000r\000i\000p\000t\000i\000o\000n}{section.6.1}
\BOOKMARK [2][-]{subsection.6.1.2}{\376\377\000C\000o\000n\000s\000t\000r\000u\000c\000t\000o\000r\000\040\000\046\000\040\000D\000e\000s\000t\000r\000u\000c\000t\000o\000r\000\040\000D\000o\000c\000u\000m\000e\000n\000t\000a\000t\000i\000o\000n}{section.6.1}
\BOOKMARK [3][-]{subsubsection.6.1.2.1}{\376\377\000B\000e\000h\000a\000v\000i\000o\000u\000r}{subsection.6.1.2}
\BOOKMARK [2][-]{subsection.6.1.3}{\376\377\000M\000e\000m\000b\000e\000r\000\040\000F\000u\000n\000c\000t\000i\000o\000n\000\040\000D\000o\000c\000u\000m\000e\000n\000t\000a\000t\000i\000o\000n}{section.6.1}
\BOOKMARK [3][-]{subsubsection.6.1.3.1}{\376\377\000e\000x\000e\000c\000u\000t\000e}{subsection.6.1.3}
\BOOKMARK [2][-]{subsection.6.1.4}{\376\377\000M\000e\000m\000b\000e\000r\000\040\000D\000a\000t\000a\000\040\000D\000o\000c\000u\000m\000e\000n\000t\000a\000t\000i\000o\000n}{section.6.1}
\BOOKMARK [3][-]{subsubsection.6.1.4.1}{\376\377\000n\000e\000x\000t\000B\000e\000h\000a\000v\000i\000o\000u\000r}{subsection.6.1.4}
\BOOKMARK [1][-]{section.6.2}{\376\377\000s\000e\000p\000.\000c\000o\000n\000q\000u\000e\000s\000t\000.\000m\000o\000d\000e\000l\000.\000B\000e\000h\000a\000v\000i\000o\000u\000r\000D\000i\000s\000t\000a\000n\000c\000e\000\040\000C\000l\000a\000s\000s\000\040\000R\000e\000f\000e\000r\000e\000n\000c\000e}{chapter.6}
\BOOKMARK [2][-]{subsection.6.2.1}{\376\377\000D\000e\000t\000a\000i\000l\000e\000d\000\040\000D\000e\000s\000c\000r\000i\000p\000t\000i\000o\000n}{section.6.2}
\BOOKMARK [2][-]{subsection.6.2.2}{\376\377\000C\000o\000n\000s\000t\000r\000u\000c\000t\000o\000r\000\040\000\046\000\040\000D\000e\000s\000t\000r\000u\000c\000t\000o\000r\000\040\000D\000o\000c\000u\000m\000e\000n\000t\000a\000t\000i\000o\000n}{section.6.2}
\BOOKMARK [3][-]{subsubsection.6.2.2.1}{\376\377\000B\000e\000h\000a\000v\000i\000o\000u\000r\000D\000i\000s\000t\000a\000n\000c\000e}{subsection.6.2.2}
\BOOKMARK [2][-]{subsection.6.2.3}{\376\377\000M\000e\000m\000b\000e\000r\000\040\000F\000u\000n\000c\000t\000i\000o\000n\000\040\000D\000o\000c\000u\000m\000e\000n\000t\000a\000t\000i\000o\000n}{section.6.2}
\BOOKMARK [3][-]{subsubsection.6.2.3.1}{\376\377\000e\000x\000e\000c\000u\000t\000e}{subsection.6.2.3}
\BOOKMARK [1][-]{section.6.3}{\376\377\000s\000e\000p\000.\000c\000o\000n\000q\000u\000e\000s\000t\000.\000m\000o\000d\000e\000l\000.\000C\000o\000m\000M\000a\000n\000a\000g\000e\000r\000\040\000C\000l\000a\000s\000s\000\040\000R\000e\000f\000e\000r\000e\000n\000c\000e}{chapter.6}
\BOOKMARK [2][-]{subsection.6.3.1}{\376\377\000D\000e\000t\000a\000i\000l\000e\000d\000\040\000D\000e\000s\000c\000r\000i\000p\000t\000i\000o\000n}{section.6.3}
\BOOKMARK [2][-]{subsection.6.3.2}{\376\377\000C\000o\000n\000s\000t\000r\000u\000c\000t\000o\000r\000\040\000\046\000\040\000D\000e\000s\000t\000r\000u\000c\000t\000o\000r\000\040\000D\000o\000c\000u\000m\000e\000n\000t\000a\000t\000i\000o\000n}{section.6.3}
\BOOKMARK [3][-]{subsubsection.6.3.2.1}{\376\377\000C\000o\000m\000M\000a\000n\000a\000g\000e\000r}{subsection.6.3.2}
\BOOKMARK [2][-]{subsection.6.3.3}{\376\377\000M\000e\000m\000b\000e\000r\000\040\000F\000u\000n\000c\000t\000i\000o\000n\000\040\000D\000o\000c\000u\000m\000e\000n\000t\000a\000t\000i\000o\000n}{section.6.3}
\BOOKMARK [3][-]{subsubsection.6.3.3.1}{\376\377\000a\000d\000d\000C\000l\000i\000e\000n\000t}{subsection.6.3.3}
\BOOKMARK [3][-]{subsubsection.6.3.3.2}{\376\377\000b\000r\000o\000a\000d\000c\000a\000s\000t}{subsection.6.3.3}
\BOOKMARK [3][-]{subsubsection.6.3.3.3}{\376\377\000g\000e\000t\000I\000n\000s\000t\000a\000n\000c\000e}{subsection.6.3.3}
\BOOKMARK [3][-]{subsubsection.6.3.3.4}{\376\377\000r\000e\000m\000o\000v\000e\000C\000l\000i\000e\000n\000t}{subsection.6.3.3}
\BOOKMARK [2][-]{subsection.6.3.4}{\376\377\000M\000e\000m\000b\000e\000r\000\040\000D\000a\000t\000a\000\040\000D\000o\000c\000u\000m\000e\000n\000t\000a\000t\000i\000o\000n}{section.6.3}
\BOOKMARK [3][-]{subsubsection.6.3.4.1}{\376\377\000c\000l\000i\000e\000n\000t\000s}{subsection.6.3.4}
\BOOKMARK [3][-]{subsubsection.6.3.4.2}{\376\377\000I\000N\000S\000T\000A\000N\000C\000E}{subsection.6.3.4}
\BOOKMARK [1][-]{section.6.4}{\376\377\000s\000e\000p\000.\000c\000o\000n\000q\000u\000e\000s\000t\000.\000c\000o\000n\000t\000r\000o\000l\000l\000e\000r\000.\000C\000o\000n\000t\000r\000o\000l\000l\000e\000r\000\040\000C\000l\000a\000s\000s\000\040\000R\000e\000f\000e\000r\000e\000n\000c\000e}{chapter.6}
\BOOKMARK [2][-]{subsection.6.4.1}{\376\377\000D\000e\000t\000a\000i\000l\000e\000d\000\040\000D\000e\000s\000c\000r\000i\000p\000t\000i\000o\000n}{section.6.4}
\BOOKMARK [2][-]{subsection.6.4.2}{\376\377\000C\000o\000n\000s\000t\000r\000u\000c\000t\000o\000r\000\040\000\046\000\040\000D\000e\000s\000t\000r\000u\000c\000t\000o\000r\000\040\000D\000o\000c\000u\000m\000e\000n\000t\000a\000t\000i\000o\000n}{section.6.4}
\BOOKMARK [3][-]{subsubsection.6.4.2.1}{\376\377\000C\000o\000n\000t\000r\000o\000l\000l\000e\000r}{subsection.6.4.2}
\BOOKMARK [2][-]{subsection.6.4.3}{\376\377\000M\000e\000m\000b\000e\000r\000\040\000F\000u\000n\000c\000t\000i\000o\000n\000\040\000D\000o\000c\000u\000m\000e\000n\000t\000a\000t\000i\000o\000n}{section.6.4}
\BOOKMARK [3][-]{subsubsection.6.4.3.1}{\376\377\000f\000o\000r\000w\000a\000r\000d}{subsection.6.4.3}
\BOOKMARK [3][-]{subsubsection.6.4.3.2}{\376\377\000g\000e\000t\000E\000n\000v}{subsection.6.4.3}
\BOOKMARK [3][-]{subsubsection.6.4.3.3}{\376\377\000g\000e\000t\000I\000n\000s\000t\000a\000n\000c\000e}{subsection.6.4.3}
\BOOKMARK [3][-]{subsubsection.6.4.3.4}{\376\377\000l\000e\000f\000t}{subsection.6.4.3}
\BOOKMARK [3][-]{subsubsection.6.4.3.5}{\376\377\000r\000i\000g\000h\000t}{subsection.6.4.3}
\BOOKMARK [3][-]{subsubsection.6.4.3.6}{\376\377\000s\000e\000t\000C\000o\000n\000t\000r\000o\000l\000l\000e\000d}{subsection.6.4.3}
\BOOKMARK [3][-]{subsubsection.6.4.3.7}{\376\377\000s\000e\000t\000S\000p\000e\000e\000d}{subsection.6.4.3}
\BOOKMARK [3][-]{subsubsection.6.4.3.8}{\376\377\000t\000u\000r\000n}{subsection.6.4.3}
\BOOKMARK [2][-]{subsection.6.4.4}{\376\377\000M\000e\000m\000b\000e\000r\000\040\000D\000a\000t\000a\000\040\000D\000o\000c\000u\000m\000e\000n\000t\000a\000t\000i\000o\000n}{section.6.4}
\BOOKMARK [3][-]{subsubsection.6.4.4.1}{\376\377\000e\000n\000v\000i\000r\000o\000n\000m\000e\000n\000t}{subsection.6.4.4}
\BOOKMARK [3][-]{subsubsection.6.4.4.2}{\376\377\000I\000N\000S\000T\000A\000N\000C\000E}{subsection.6.4.4}
\BOOKMARK [1][-]{section.6.5}{\376\377\000s\000e\000p\000.\000c\000o\000n\000q\000u\000e\000s\000t\000.\000m\000o\000d\000e\000l\000.\000D\000r\000i\000v\000e\000R\000e\000q\000u\000e\000s\000t\000\040\000C\000l\000a\000s\000s\000\040\000R\000e\000f\000e\000r\000e\000n\000c\000e}{chapter.6}
\BOOKMARK [2][-]{subsection.6.5.1}{\376\377\000D\000e\000t\000a\000i\000l\000e\000d\000\040\000D\000e\000s\000c\000r\000i\000p\000t\000i\000o\000n}{section.6.5}
\BOOKMARK [2][-]{subsection.6.5.2}{\376\377\000C\000o\000n\000s\000t\000r\000u\000c\000t\000o\000r\000\040\000\046\000\040\000D\000e\000s\000t\000r\000u\000c\000t\000o\000r\000\040\000D\000o\000c\000u\000m\000e\000n\000t\000a\000t\000i\000o\000n}{section.6.5}
\BOOKMARK [3][-]{subsubsection.6.5.2.1}{\376\377\000D\000r\000i\000v\000e\000R\000e\000q\000u\000e\000s\000t}{subsection.6.5.2}
\BOOKMARK [2][-]{subsection.6.5.3}{\376\377\000M\000e\000m\000b\000e\000r\000\040\000F\000u\000n\000c\000t\000i\000o\000n\000\040\000D\000o\000c\000u\000m\000e\000n\000t\000a\000t\000i\000o\000n}{section.6.5}
\BOOKMARK [3][-]{subsubsection.6.5.3.1}{\376\377\000g\000e\000t\000C\000o\000m\000m\000a\000n\000d}{subsection.6.5.3}
\BOOKMARK [3][-]{subsubsection.6.5.3.2}{\376\377\000g\000e\000t\000K\000i\000n\000d}{subsection.6.5.3}
\BOOKMARK [3][-]{subsubsection.6.5.3.3}{\376\377\000g\000e\000t\000R\000e\000c\000e\000i\000v\000e\000r}{subsection.6.5.3}
\BOOKMARK [2][-]{subsection.6.5.4}{\376\377\000M\000e\000m\000b\000e\000r\000\040\000D\000a\000t\000a\000\040\000D\000o\000c\000u\000m\000e\000n\000t\000a\000t\000i\000o\000n}{section.6.5}
\BOOKMARK [3][-]{subsubsection.6.5.4.1}{\376\377\000c\000l\000i\000e\000n\000t\000s}{subsection.6.5.4}
\BOOKMARK [3][-]{subsubsection.6.5.4.2}{\376\377\000d\000r\000i\000v\000e\000C\000o\000m\000m\000a\000n\000d}{subsection.6.5.4}
\BOOKMARK [1][-]{section.6.6}{\376\377\000s\000e\000p\000.\000c\000o\000n\000q\000u\000e\000s\000t\000.\000m\000o\000d\000e\000l\000.\000E\000n\000v\000i\000r\000o\000n\000m\000e\000n\000t\000\040\000C\000l\000a\000s\000s\000\040\000R\000e\000f\000e\000r\000e\000n\000c\000e}{chapter.6}
\BOOKMARK [2][-]{subsection.6.6.1}{\376\377\000D\000e\000t\000a\000i\000l\000e\000d\000\040\000D\000e\000s\000c\000r\000i\000p\000t\000i\000o\000n}{section.6.6}
\BOOKMARK [2][-]{subsection.6.6.2}{\376\377\000C\000o\000n\000s\000t\000r\000u\000c\000t\000o\000r\000\040\000\046\000\040\000D\000e\000s\000t\000r\000u\000c\000t\000o\000r\000\040\000D\000o\000c\000u\000m\000e\000n\000t\000a\000t\000i\000o\000n}{section.6.6}
\BOOKMARK [3][-]{subsubsection.6.6.2.1}{\376\377\000E\000n\000v\000i\000r\000o\000n\000m\000e\000n\000t}{subsection.6.6.2}
\BOOKMARK [2][-]{subsection.6.6.3}{\376\377\000M\000e\000m\000b\000e\000r\000\040\000F\000u\000n\000c\000t\000i\000o\000n\000\040\000D\000o\000c\000u\000m\000e\000n\000t\000a\000t\000i\000o\000n}{section.6.6}
\BOOKMARK [3][-]{subsubsection.6.6.3.1}{\376\377\000d\000e\000l\000i\000v\000e\000r}{subsection.6.6.3}
\BOOKMARK [3][-]{subsubsection.6.6.3.2}{\376\377\000d\000r\000i\000v\000e\000C\000o\000m\000m\000a\000n\000d}{subsection.6.6.3}
\BOOKMARK [3][-]{subsubsection.6.6.3.3}{\376\377\000g\000e\000t\000I\000n\000s\000t\000a\000n\000c\000e}{subsection.6.6.3}
\BOOKMARK [2][-]{subsection.6.6.4}{\376\377\000M\000e\000m\000b\000e\000r\000\040\000D\000a\000t\000a\000\040\000D\000o\000c\000u\000m\000e\000n\000t\000a\000t\000i\000o\000n}{section.6.6}
\BOOKMARK [3][-]{subsubsection.6.6.4.1}{\376\377\000c\000o\000m\000M\000a\000n\000a\000g\000e\000r}{subsection.6.6.4}
\BOOKMARK [3][-]{subsubsection.6.6.4.2}{\376\377\000I\000N\000S\000T\000A\000N\000C\000E}{subsection.6.6.4}
\BOOKMARK [1][-]{section.6.7}{\376\377\000s\000e\000p\000.\000c\000o\000n\000q\000u\000e\000s\000t\000.\000m\000o\000d\000e\000l\000.\000I\000B\000e\000h\000a\000v\000i\000o\000u\000r\000\040\000I\000n\000t\000e\000r\000f\000a\000c\000e\000\040\000R\000e\000f\000e\000r\000e\000n\000c\000e}{chapter.6}
\BOOKMARK [2][-]{subsection.6.7.1}{\376\377\000D\000e\000t\000a\000i\000l\000e\000d\000\040\000D\000e\000s\000c\000r\000i\000p\000t\000i\000o\000n}{section.6.7}
\BOOKMARK [2][-]{subsection.6.7.2}{\376\377\000M\000e\000m\000b\000e\000r\000\040\000F\000u\000n\000c\000t\000i\000o\000n\000\040\000D\000o\000c\000u\000m\000e\000n\000t\000a\000t\000i\000o\000n}{section.6.7}
\BOOKMARK [3][-]{subsubsection.6.7.2.1}{\376\377\000e\000x\000e\000c\000u\000t\000e}{subsection.6.7.2}
\BOOKMARK [1][-]{section.6.8}{\376\377\000s\000e\000p\000.\000c\000o\000n\000q\000u\000e\000s\000t\000.\000m\000o\000d\000e\000l\000.\000I\000C\000o\000m\000C\000l\000i\000e\000n\000t\000\040\000I\000n\000t\000e\000r\000f\000a\000c\000e\000\040\000R\000e\000f\000e\000r\000e\000n\000c\000e}{chapter.6}
\BOOKMARK [2][-]{subsection.6.8.1}{\376\377\000D\000e\000t\000a\000i\000l\000e\000d\000\040\000D\000e\000s\000c\000r\000i\000p\000t\000i\000o\000n}{section.6.8}
\BOOKMARK [2][-]{subsection.6.8.2}{\376\377\000M\000e\000m\000b\000e\000r\000\040\000F\000u\000n\000c\000t\000i\000o\000n\000\040\000D\000o\000c\000u\000m\000e\000n\000t\000a\000t\000i\000o\000n}{section.6.8}
\BOOKMARK [3][-]{subsubsection.6.8.2.1}{\376\377\000d\000e\000l\000i\000v\000e\000r}{subsection.6.8.2}
\BOOKMARK [1][-]{section.6.9}{\376\377\000s\000e\000p\000.\000c\000o\000n\000q\000u\000e\000s\000t\000.\000m\000o\000d\000e\000l\000.\000I\000C\000o\000m\000M\000a\000n\000\040\000I\000n\000t\000e\000r\000f\000a\000c\000e\000\040\000R\000e\000f\000e\000r\000e\000n\000c\000e}{chapter.6}
\BOOKMARK [2][-]{subsection.6.9.1}{\376\377\000D\000e\000t\000a\000i\000l\000e\000d\000\040\000D\000e\000s\000c\000r\000i\000p\000t\000i\000o\000n}{section.6.9}
\BOOKMARK [2][-]{subsection.6.9.2}{\376\377\000M\000e\000m\000b\000e\000r\000\040\000F\000u\000n\000c\000t\000i\000o\000n\000\040\000D\000o\000c\000u\000m\000e\000n\000t\000a\000t\000i\000o\000n}{section.6.9}
\BOOKMARK [3][-]{subsubsection.6.9.2.1}{\376\377\000a\000d\000d\000C\000l\000i\000e\000n\000t}{subsection.6.9.2}
\BOOKMARK [3][-]{subsubsection.6.9.2.2}{\376\377\000b\000r\000o\000a\000d\000c\000a\000s\000t}{subsection.6.9.2}
\BOOKMARK [3][-]{subsubsection.6.9.2.3}{\376\377\000r\000e\000m\000o\000v\000e\000C\000l\000i\000e\000n\000t}{subsection.6.9.2}
\BOOKMARK [1][-]{section.6.10}{\376\377\000s\000e\000p\000.\000c\000o\000n\000q\000u\000e\000s\000t\000.\000m\000o\000d\000e\000l\000.\000I\000R\000e\000q\000u\000e\000s\000t\000\040\000I\000n\000t\000e\000r\000f\000a\000c\000e\000\040\000R\000e\000f\000e\000r\000e\000n\000c\000e}{chapter.6}
\BOOKMARK [2][-]{subsection.6.10.1}{\376\377\000D\000e\000t\000a\000i\000l\000e\000d\000\040\000D\000e\000s\000c\000r\000i\000p\000t\000i\000o\000n}{section.6.10}
\BOOKMARK [2][-]{subsection.6.10.2}{\376\377\000M\000e\000m\000b\000e\000r\000\040\000F\000u\000n\000c\000t\000i\000o\000n\000\040\000D\000o\000c\000u\000m\000e\000n\000t\000a\000t\000i\000o\000n}{section.6.10}
\BOOKMARK [3][-]{subsubsection.6.10.2.1}{\376\377\000g\000e\000t\000K\000i\000n\000d}{subsection.6.10.2}
\BOOKMARK [3][-]{subsubsection.6.10.2.2}{\376\377\000g\000e\000t\000R\000e\000c\000e\000i\000v\000e\000r}{subsection.6.10.2}
\BOOKMARK [1][-]{section.6.11}{\376\377\000s\000e\000p\000.\000c\000o\000n\000q\000u\000e\000s\000t\000.\000m\000o\000d\000e\000l\000.\000L\000o\000g\000i\000c\000T\000h\000r\000e\000a\000d\000\040\000C\000l\000a\000s\000s\000\040\000R\000e\000f\000e\000r\000e\000n\000c\000e}{chapter.6}
\BOOKMARK [2][-]{subsection.6.11.1}{\376\377\000D\000e\000t\000a\000i\000l\000e\000d\000\040\000D\000e\000s\000c\000r\000i\000p\000t\000i\000o\000n}{section.6.11}
\BOOKMARK [2][-]{subsection.6.11.2}{\376\377\000M\000e\000m\000b\000e\000r\000\040\000F\000u\000n\000c\000t\000i\000o\000n\000\040\000D\000o\000c\000u\000m\000e\000n\000t\000a\000t\000i\000o\000n}{section.6.11}
\BOOKMARK [3][-]{subsubsection.6.11.2.1}{\376\377\000r\000u\000n}{subsection.6.11.2}
\BOOKMARK [0][-]{chapter.7}{\376\377\000F\000i\000l\000e\000\040\000D\000o\000c\000u\000m\000e\000n\000t\000a\000t\000i\000o\000n}{}
\BOOKMARK [1][-]{section.7.1}{\376\377\000s\000r\000c\000/\000s\000e\000p\000/\000c\000o\000n\000q\000u\000e\000s\000t\000/\000c\000o\000n\000t\000r\000o\000l\000l\000e\000r\000/\000C\000o\000n\000t\000r\000o\000l\000l\000e\000r\000.\000j\000a\000v\000a\000\040\000F\000i\000l\000e\000\040\000R\000e\000f\000e\000r\000e\000n\000c\000e}{chapter.7}
\BOOKMARK [1][-]{section.7.2}{\376\377\000s\000r\000c\000/\000s\000e\000p\000/\000c\000o\000n\000q\000u\000e\000s\000t\000/\000m\000o\000d\000e\000l\000/\000B\000e\000h\000a\000v\000i\000o\000u\000r\000.\000j\000a\000v\000a\000\040\000F\000i\000l\000e\000\040\000R\000e\000f\000e\000r\000e\000n\000c\000e}{chapter.7}
\BOOKMARK [1][-]{section.7.3}{\376\377\000s\000r\000c\000/\000s\000e\000p\000/\000c\000o\000n\000q\000u\000e\000s\000t\000/\000m\000o\000d\000e\000l\000/\000B\000e\000h\000a\000v\000i\000o\000u\000r\000D\000i\000s\000t\000a\000n\000c\000e\000.\000j\000a\000v\000a\000\040\000F\000i\000l\000e\000\040\000R\000e\000f\000e\000r\000e\000n\000c\000e}{chapter.7}
\BOOKMARK [1][-]{section.7.4}{\376\377\000s\000r\000c\000/\000s\000e\000p\000/\000c\000o\000n\000q\000u\000e\000s\000t\000/\000m\000o\000d\000e\000l\000/\000C\000o\000m\000M\000a\000n\000a\000g\000e\000r\000.\000j\000a\000v\000a\000\040\000F\000i\000l\000e\000\040\000R\000e\000f\000e\000r\000e\000n\000c\000e}{chapter.7}
\BOOKMARK [1][-]{section.7.5}{\376\377\000s\000r\000c\000/\000s\000e\000p\000/\000c\000o\000n\000q\000u\000e\000s\000t\000/\000m\000o\000d\000e\000l\000/\000D\000r\000i\000v\000e\000.\000j\000a\000v\000a\000\040\000F\000i\000l\000e\000\040\000R\000e\000f\000e\000r\000e\000n\000c\000e}{chapter.7}
\BOOKMARK [1][-]{section.7.6}{\376\377\000s\000r\000c\000/\000s\000e\000p\000/\000c\000o\000n\000q\000u\000e\000s\000t\000/\000m\000o\000d\000e\000l\000/\000D\000r\000i\000v\000e\000R\000e\000q\000u\000e\000s\000t\000.\000j\000a\000v\000a\000\040\000F\000i\000l\000e\000\040\000R\000e\000f\000e\000r\000e\000n\000c\000e}{chapter.7}
\BOOKMARK [1][-]{section.7.7}{\376\377\000s\000r\000c\000/\000s\000e\000p\000/\000c\000o\000n\000q\000u\000e\000s\000t\000/\000m\000o\000d\000e\000l\000/\000E\000n\000v\000i\000r\000o\000n\000m\000e\000n\000t\000.\000j\000a\000v\000a\000\040\000F\000i\000l\000e\000\040\000R\000e\000f\000e\000r\000e\000n\000c\000e}{chapter.7}
\BOOKMARK [1][-]{section.7.8}{\376\377\000s\000r\000c\000/\000s\000e\000p\000/\000c\000o\000n\000q\000u\000e\000s\000t\000/\000m\000o\000d\000e\000l\000/\000I\000B\000e\000h\000a\000v\000i\000o\000u\000r\000.\000j\000a\000v\000a\000\040\000F\000i\000l\000e\000\040\000R\000e\000f\000e\000r\000e\000n\000c\000e}{chapter.7}
\BOOKMARK [1][-]{section.7.9}{\376\377\000s\000r\000c\000/\000s\000e\000p\000/\000c\000o\000n\000q\000u\000e\000s\000t\000/\000m\000o\000d\000e\000l\000/\000I\000C\000o\000m\000C\000l\000i\000e\000n\000t\000.\000j\000a\000v\000a\000\040\000F\000i\000l\000e\000\040\000R\000e\000f\000e\000r\000e\000n\000c\000e}{chapter.7}
\BOOKMARK [1][-]{section.7.10}{\376\377\000s\000r\000c\000/\000s\000e\000p\000/\000c\000o\000n\000q\000u\000e\000s\000t\000/\000m\000o\000d\000e\000l\000/\000I\000C\000o\000m\000M\000a\000n\000.\000j\000a\000v\000a\000\040\000F\000i\000l\000e\000\040\000R\000e\000f\000e\000r\000e\000n\000c\000e}{chapter.7}
\BOOKMARK [1][-]{section.7.11}{\376\377\000s\000r\000c\000/\000s\000e\000p\000/\000c\000o\000n\000q\000u\000e\000s\000t\000/\000m\000o\000d\000e\000l\000/\000I\000R\000e\000q\000u\000e\000s\000t\000.\000j\000a\000v\000a\000\040\000F\000i\000l\000e\000\040\000R\000e\000f\000e\000r\000e\000n\000c\000e}{chapter.7}
\BOOKMARK [1][-]{section.7.12}{\376\377\000s\000r\000c\000/\000s\000e\000p\000/\000c\000o\000n\000q\000u\000e\000s\000t\000/\000m\000o\000d\000e\000l\000/\000L\000o\000g\000i\000c\000T\000h\000r\000e\000a\000d\000.\000j\000a\000v\000a\000\040\000F\000i\000l\000e\000\040\000R\000e\000f\000e\000r\000e\000n\000c\000e}{chapter.7}
\BOOKMARK [1][-]{section.7.13}{\376\377\000s\000r\000c\000/\000s\000e\000p\000/\000c\000o\000n\000q\000u\000e\000s\000t\000/\000m\000o\000d\000e\000l\000/\000M\000e\000s\000s\000a\000g\000e\000T\000y\000p\000e\000.\000j\000a\000v\000a\000\040\000F\000i\000l\000e\000\040\000R\000e\000f\000e\000r\000e\000n\000c\000e}{chapter.7}
