This is pdfTeX, Version 3.1415926-1.40.10 (TeX Live 2009) (format=pdflatex 2010.5.5)  11 NOV 2010 14:11
entering extended mode
 \write18 enabled.
 %&-line parsing enabled.
**entwurf_vortrag.tex
(./entwurf_vortrag.tex
LaTeX2e <2009/09/24>
Babel <v3.8l> and hyphenation patterns for english, usenglishmax, dumylang, noh
yphenation, german-x-2009-06-19, ngerman-x-2009-06-19, ancientgreek, ibycus, ar
abic, basque, bulgarian, catalan, pinyin, coptic, croatian, czech, danish, dutc
h, esperanto, estonian, farsi, finnish, french, galician, german, ngerman, mono
greek, greek, hungarian, icelandic, indonesian, interlingua, irish, italian, ku
rmanji, latin, latvian, lithuanian, mongolian, mongolian2a, bokmal, nynorsk, po
lish, portuguese, romanian, russian, sanskrit, serbian, slovak, slovenian, span
ish, swedish, turkish, ukenglish, ukrainian, uppersorbian, welsh, loaded.
(/usr/local/texlive/2009/texmf-dist/tex/latex/beamer/beamer.cls
(/usr/local/texlive/2009/texmf-dist/tex/latex/beamer/beamerbasercs.sty
Package: beamerbasercs 2007/01/28 (rcs-revision 1.4)
)
Document Class: beamer 2007/03/11 cvs version 3.07 A class for typesetting pres
entations (rcs-revision 1.70)
(/usr/local/texlive/2009/texmf-dist/tex/latex/beamer/beamerbasemodes.sty
Package: beamerbasemodes 2007/01/28 (rcs-revision 1.22)
\beamer@tempbox=\box26
\beamer@tempcount=\count79
\c@beamerpauses=\count80

(/usr/local/texlive/2009/texmf-dist/tex/latex/beamer/beamerbasedecode.sty
Package: beamerbasedecode 2007/01/28 (rcs-revision 1.20)
\beamer@slideinframe=\count81
\beamer@minimum=\count82
)
\beamer@commentbox=\box27
\beamer@modecount=\count83
)
\headheight=\dimen102
\headdp=\dimen103
\footheight=\dimen104
\sidebarheight=\dimen105
\beamer@tempdim=\dimen106
\beamer@finalheight=\dimen107
\beamer@animht=\dimen108
\beamer@animdp=\dimen109
\beamer@animwd=\dimen110
\beamer@leftmargin=\dimen111
\beamer@rightmargin=\dimen112
\beamer@leftsidebar=\dimen113
\beamer@rightsidebar=\dimen114
\beamer@boxsize=\dimen115
\beamer@vboxoffset=\dimen116
\beamer@descdefault=\dimen117
\beamer@descriptionwidth=\dimen118
\beamer@lastskip=\skip41
\beamer@areabox=\box28
\beamer@animcurrent=\box29
\beamer@animshowbox=\box30
\beamer@sectionbox=\box31
\beamer@logobox=\box32
\beamer@linebox=\box33
\beamer@sectioncount=\count84
\beamer@subsubsectionmax=\count85
\beamer@subsectionmax=\count86
\beamer@sectionmax=\count87
\beamer@totalheads=\count88
\beamer@headcounter=\count89
\beamer@partstartpage=\count90
\beamer@sectionstartpage=\count91
\beamer@subsectionstartpage=\count92
\beamer@animationtempa=\count93
\beamer@animationtempb=\count94
\beamer@xpos=\count95
\beamer@ypos=\count96
\beamer@showpartnumber=\count97
\beamer@currentsubsection=\count98
\beamer@coveringdepth=\count99
\beamer@sectionadjust=\count100
\beamer@tocsectionnumber=\count101

(/usr/local/texlive/2009/texmf-dist/tex/latex/beamer/beamerbaseoptions.sty
Package: beamerbaseoptions 2007/01/28 (rcs-revision 1.8)

(/usr/local/texlive/2009/texmf-dist/tex/latex/graphics/keyval.sty
Package: keyval 1999/03/16 v1.13 key=value parser (DPC)
\KV@toks@=\toks14
))
(/usr/local/texlive/2009/texmf-dist/tex/latex/pgf/basiclayer/pgfcore.sty
(/usr/local/texlive/2009/texmf-dist/tex/latex/graphics/graphicx.sty
Package: graphicx 1999/02/16 v1.0f Enhanced LaTeX Graphics (DPC,SPQR)

(/usr/local/texlive/2009/texmf-dist/tex/latex/graphics/graphics.sty
Package: graphics 2009/02/05 v1.0o Standard LaTeX Graphics (DPC,SPQR)

(/usr/local/texlive/2009/texmf-dist/tex/latex/graphics/trig.sty
Package: trig 1999/03/16 v1.09 sin cos tan (DPC)
)
(/usr/local/texlive/2009/texmf-dist/tex/latex/latexconfig/graphics.cfg
File: graphics.cfg 2009/08/28 v1.8 graphics configuration of TeX Live
)
Package graphics Info: Driver file: pdftex.def on input line 91.

(/usr/local/texlive/2009/texmf-dist/tex/latex/pdftex-def/pdftex.def
File: pdftex.def 2009/08/25 v0.04m Graphics/color for pdfTeX
\Gread@gobject=\count102
))
\Gin@req@height=\dimen119
\Gin@req@width=\dimen120
)
(/usr/local/texlive/2009/texmf-dist/tex/latex/pgf/systemlayer/pgfsys.sty
(/usr/local/texlive/2009/texmf-dist/tex/latex/pgf/utilities/pgfrcs.sty
(/usr/local/texlive/2009/texmf-dist/tex/generic/pgf/utilities/pgfutil-common.te
x
\pgfutil@everybye=\toks15
)
(/usr/local/texlive/2009/texmf-dist/tex/generic/pgf/utilities/pgfutil-latex.def
) (/usr/local/texlive/2009/texmf-dist/tex/generic/pgf/utilities/pgfrcs.code.tex
Package: pgfrcs 2008/02/20 v2.00 (rcs-revision 1.21)
))
(/usr/local/texlive/2009/texmf-dist/tex/generic/pgf/systemlayer/pgfsys.code.tex
Package: pgfsys 2008/02/07 v2.00 (rcs-revision 1.31)
(/usr/local/texlive/2009/texmf-dist/tex/generic/pgf/utilities/pgfkeys.code.tex
\pgfkeys@pathtoks=\toks16
\pgfkeys@temptoks=\toks17
)
\pgf@x=\dimen121
\pgf@y=\dimen122
\pgf@xa=\dimen123
\pgf@ya=\dimen124
\pgf@xb=\dimen125
\pgf@yb=\dimen126
\pgf@xc=\dimen127
\pgf@yc=\dimen128
\c@pgf@counta=\count103
\c@pgf@countb=\count104
\c@pgf@countc=\count105
\c@pgf@countd=\count106
(/usr/local/texlive/2009/texmf-dist/tex/generic/pgf/systemlayer/pgf.cfg
File: pgf.cfg 2008/01/13  (rcs-revision 1.6)
)
Package pgfsys Info: Driver file for pgf: pgfsys-pdftex.def on input line 885.

(/usr/local/texlive/2009/texmf-dist/tex/generic/pgf/systemlayer/pgfsys-pdftex.d
ef
File: pgfsys-pdftex.def 2007/12/20  (rcs-revision 1.20)

(/usr/local/texlive/2009/texmf-dist/tex/generic/pgf/systemlayer/pgfsys-common-p
df.def
File: pgfsys-common-pdf.def 2007/12/17  (rcs-revision 1.8)
)))
(/usr/local/texlive/2009/texmf-dist/tex/generic/pgf/systemlayer/pgfsyssoftpath.
code.tex
File: pgfsyssoftpath.code.tex 2008/01/23  (rcs-revision 1.6)
\pgfsyssoftpath@smallbuffer@items=\count107
\pgfsyssoftpath@bigbuffer@items=\count108
)
(/usr/local/texlive/2009/texmf-dist/tex/generic/pgf/systemlayer/pgfsysprotocol.
code.tex
File: pgfsysprotocol.code.tex 2006/10/16  (rcs-revision 1.4)
)) (/usr/local/texlive/2009/texmf-dist/tex/latex/xcolor/xcolor.sty
Package: xcolor 2007/01/21 v2.11 LaTeX color extensions (UK)

(/usr/local/texlive/2009/texmf-dist/tex/latex/latexconfig/color.cfg
File: color.cfg 2007/01/18 v1.5 color configuration of teTeX/TeXLive
)
Package xcolor Info: Driver file: pdftex.def on input line 225.
Package xcolor Info: Model `cmy' substituted by `cmy0' on input line 1337.
Package xcolor Info: Model `hsb' substituted by `rgb' on input line 1341.
Package xcolor Info: Model `RGB' extended on input line 1353.
Package xcolor Info: Model `HTML' substituted by `rgb' on input line 1355.
Package xcolor Info: Model `Hsb' substituted by `hsb' on input line 1356.
Package xcolor Info: Model `tHsb' substituted by `hsb' on input line 1357.
Package xcolor Info: Model `HSB' substituted by `hsb' on input line 1358.
Package xcolor Info: Model `Gray' substituted by `gray' on input line 1359.
Package xcolor Info: Model `wave' substituted by `hsb' on input line 1360.

(/usr/local/texlive/2009/texmf-dist/tex/latex/graphics/dvipsnam.def
File: dvipsnam.def 1999/02/16 v3.0i Driver-dependant file (DPC,SPQR)
))
(/usr/local/texlive/2009/texmf-dist/tex/generic/pgf/basiclayer/pgfcore.code.tex
Package: pgfcore 2008/01/15 v2.00 (rcs-revision 1.6)
(/usr/local/texlive/2009/texmf-dist/tex/generic/pgf/math/pgfmath.code.tex
(/usr/local/texlive/2009/texmf-dist/tex/generic/pgf/math/pgfmathcalc.code.tex
(/usr/local/texlive/2009/texmf-dist/tex/generic/pgf/math/pgfmathutil.code.tex
\pgfmath@box=\box34
)
(/usr/local/texlive/2009/texmf-dist/tex/generic/pgf/math/pgfmathparser.code.tex
\pgfmath@stack=\toks18
\c@pgfmath@parsecounta=\count109
\c@pgfmath@parsecountb=\count110
\c@pgfmath@parsecountc=\count111
\pgfmath@parsex=\dimen129
)
(/usr/local/texlive/2009/texmf-dist/tex/generic/pgf/math/pgfmathoperations.code
.tex
(/usr/local/texlive/2009/texmf-dist/tex/generic/pgf/math/pgfmathtrig.code.tex)
(/usr/local/texlive/2009/texmf-dist/tex/generic/pgf/math/pgfmathrnd.code.tex))
(/usr/local/texlive/2009/texmf-dist/tex/generic/pgf/math/pgfmathbase.code.tex))
)
(/usr/local/texlive/2009/texmf-dist/tex/generic/pgf/basiclayer/pgfcorepoints.co
de.tex
File: pgfcorepoints.code.tex 2008/02/03  (rcs-revision 1.13)
\pgf@picminx=\dimen130
\pgf@picmaxx=\dimen131
\pgf@picminy=\dimen132
\pgf@picmaxy=\dimen133
\pgf@pathminx=\dimen134
\pgf@pathmaxx=\dimen135
\pgf@pathminy=\dimen136
\pgf@pathmaxy=\dimen137
\pgf@xx=\dimen138
\pgf@xy=\dimen139
\pgf@yx=\dimen140
\pgf@yy=\dimen141
\pgf@zx=\dimen142
\pgf@zy=\dimen143
)
(/usr/local/texlive/2009/texmf-dist/tex/generic/pgf/basiclayer/pgfcorepathconst
ruct.code.tex
File: pgfcorepathconstruct.code.tex 2008/02/13  (rcs-revision 1.14)
\pgf@path@lastx=\dimen144
\pgf@path@lasty=\dimen145
)
(/usr/local/texlive/2009/texmf-dist/tex/generic/pgf/basiclayer/pgfcorepathusage
.code.tex
File: pgfcorepathusage.code.tex 2008/01/23  (rcs-revision 1.11)
\pgf@shorten@end@additional=\dimen146
\pgf@shorten@start@additional=\dimen147
)
(/usr/local/texlive/2009/texmf-dist/tex/generic/pgf/basiclayer/pgfcorescopes.co
de.tex
File: pgfcorescopes.code.tex 2008/01/15  (rcs-revision 1.26)
\pgfpic=\box35
\pgf@hbox=\box36
\pgf@layerbox@main=\box37
\pgf@picture@serial@count=\count112
)
(/usr/local/texlive/2009/texmf-dist/tex/generic/pgf/basiclayer/pgfcoregraphicst
ate.code.tex
File: pgfcoregraphicstate.code.tex 2007/12/12  (rcs-revision 1.8)
\pgflinewidth=\dimen148
)
(/usr/local/texlive/2009/texmf-dist/tex/generic/pgf/basiclayer/pgfcoretransform
ations.code.tex
File: pgfcoretransformations.code.tex 2008/02/04  (rcs-revision 1.10)
\pgf@pt@x=\dimen149
\pgf@pt@y=\dimen150
\pgf@pt@temp=\dimen151
)
(/usr/local/texlive/2009/texmf-dist/tex/generic/pgf/basiclayer/pgfcorequick.cod
e.tex
File: pgfcorequick.code.tex 2006/10/11  (rcs-revision 1.2)
)
(/usr/local/texlive/2009/texmf-dist/tex/generic/pgf/basiclayer/pgfcoreobjects.c
ode.tex
File: pgfcoreobjects.code.tex 2006/10/11  (rcs-revision 1.2)
)
(/usr/local/texlive/2009/texmf-dist/tex/generic/pgf/basiclayer/pgfcorepathproce
ssing.code.tex
File: pgfcorepathprocessing.code.tex 2008/01/23  (rcs-revision 1.7)
)
(/usr/local/texlive/2009/texmf-dist/tex/generic/pgf/basiclayer/pgfcorearrows.co
de.tex
File: pgfcorearrows.code.tex 2007/06/07  (rcs-revision 1.8)
)
(/usr/local/texlive/2009/texmf-dist/tex/generic/pgf/basiclayer/pgfcoreshade.cod
e.tex
File: pgfcoreshade.code.tex 2007/12/10  (rcs-revision 1.9)
\pgf@max=\dimen152
\pgf@sys@shading@range@num=\count113
)
(/usr/local/texlive/2009/texmf-dist/tex/generic/pgf/basiclayer/pgfcoreimage.cod
e.tex
File: pgfcoreimage.code.tex 2008/01/15  (rcs-revision 1.1)
\pgfexternal@startupbox=\box38
)
(/usr/local/texlive/2009/texmf-dist/tex/generic/pgf/basiclayer/pgfcorelayers.co
de.tex
File: pgfcorelayers.code.tex 2008/01/15  (rcs-revision 1.1)
)
(/usr/local/texlive/2009/texmf-dist/tex/generic/pgf/basiclayer/pgfcoretranspare
ncy.code.tex
File: pgfcoretransparency.code.tex 2008/01/17  (rcs-revision 1.2)
)
(/usr/local/texlive/2009/texmf-dist/tex/generic/pgf/basiclayer/pgfcorepatterns.
code.tex
File: pgfcorepatterns.code.tex 2008/01/15  (rcs-revision 1.1)
)))
(/usr/local/texlive/2009/texmf-dist/tex/latex/pgf/basiclayer/pgfbaseimage.sty

Package pgf Warning: This package is obsolete and no longer needed on input lin
e 13.

) (/usr/local/texlive/2009/texmf-dist/tex/latex/pgf/utilities/xxcolor.sty
Package: xxcolor 2003/10/24 ver 0.1
\XC@nummixins=\count114
\XC@countmixins=\count115
)
(/usr/local/texlive/2009/texmf-dist/tex/latex/amsfonts/amssymb.sty
Package: amssymb 2009/06/22 v3.00

(/usr/local/texlive/2009/texmf-dist/tex/latex/amsfonts/amsfonts.sty
Package: amsfonts 2009/06/22 v3.00 Basic AMSFonts support
\@emptytoks=\toks19
\symAMSa=\mathgroup4
\symAMSb=\mathgroup5
LaTeX Font Info:    Overwriting math alphabet `\mathfrak' in version `bold'
(Font)                  U/euf/m/n --> U/euf/b/n on input line 96.
))
(/usr/local/texlive/2009/texmf-dist/tex/latex/geometry/geometry.sty
Package: geometry 2008/12/21 v4.2 Page Geometry

(/usr/local/texlive/2009/texmf-dist/tex/generic/oberdiek/ifpdf.sty
Package: ifpdf 2009/04/10 v2.0 Provides the ifpdf switch (HO)
Package ifpdf Info: pdfTeX in pdf mode detected.
)
(/usr/local/texlive/2009/texmf-dist/tex/generic/oberdiek/ifvtex.sty
Package: ifvtex 2008/11/04 v1.4 Switches for detecting VTeX and its modes (HO)
Package ifvtex Info: VTeX not detected.
)
\Gm@cnth=\count116
\Gm@cntv=\count117
\c@Gm@tempcnt=\count118
\Gm@bindingoffset=\dimen153
\Gm@wd@mp=\dimen154
\Gm@odd@mp=\dimen155
\Gm@even@mp=\dimen156
\Gm@dimlist=\toks20

(/usr/local/texlive/2009/texmf-dist/tex/xelatex/xetexconfig/geometry.cfg))
(/usr/local/texlive/2009/texmf-dist/tex/latex/hyperref/hyperref.sty
Package: hyperref 2009/10/09 v6.79a Hypertext links for LaTeX

(/usr/local/texlive/2009/texmf-dist/tex/generic/ifxetex/ifxetex.sty
Package: ifxetex 2009/01/23 v0.5 Provides ifxetex conditional
)
(/usr/local/texlive/2009/texmf-dist/tex/latex/oberdiek/hycolor.sty
Package: hycolor 2009/10/02 v1.5 Code for color options of hyperref/bookmark (H
O)

(/usr/local/texlive/2009/texmf-dist/tex/latex/oberdiek/xcolor-patch.sty
Package: xcolor-patch 2009/10/02 xcolor patch
))
\@linkdim=\dimen157
\Hy@linkcounter=\count119
\Hy@pagecounter=\count120

(/usr/local/texlive/2009/texmf-dist/tex/latex/hyperref/pd1enc.def
File: pd1enc.def 2009/10/09 v6.79a Hyperref: PDFDocEncoding definition (HO)
)
(/usr/local/texlive/2009/texmf-dist/tex/generic/oberdiek/etexcmds.sty
Package: etexcmds 2007/12/12 v1.2 Prefix for e-TeX command names (HO)

(/usr/local/texlive/2009/texmf-dist/tex/generic/oberdiek/infwarerr.sty
Package: infwarerr 2007/09/09 v1.2 Providing info/warning/message (HO)
)
Package etexcmds Info: Could not find \expanded.
(etexcmds)             That can mean that you are not using pdfTeX 1.50 or
(etexcmds)             that some package has redefined \expanded.
(etexcmds)             In the latter case, load this package earlier.
)
(/usr/local/texlive/2009/texmf-dist/tex/latex/latexconfig/hyperref.cfg
File: hyperref.cfg 2002/06/06 v1.2 hyperref configuration of TeXLive
)
(/usr/local/texlive/2009/texmf-dist/tex/latex/oberdiek/kvoptions.sty
Package: kvoptions 2009/08/13 v3.4 Keyval support for LaTeX options (HO)

(/usr/local/texlive/2009/texmf-dist/tex/generic/oberdiek/kvsetkeys.sty
Package: kvsetkeys 2009/07/30 v1.5 Key value parser with default handler suppor
t (HO)
))
Package hyperref Info: Option `bookmarks' set `true' on input line 2864.
Package hyperref Info: Option `bookmarksopen' set `true' on input line 2864.
Package hyperref Info: Option `implicit' set `false' on input line 2864.
Package hyperref Info: Hyper figures OFF on input line 2975.
Package hyperref Info: Link nesting OFF on input line 2980.
Package hyperref Info: Hyper index ON on input line 2983.
Package hyperref Info: Plain pages OFF on input line 2990.
Package hyperref Info: Backreferencing OFF on input line 2995.

Implicit mode OFF; no redefinition of LaTeX internals
Package hyperref Info: Bookmarks ON on input line 3191.
(/usr/local/texlive/2009/texmf-dist/tex/latex/ltxmisc/url.sty
\Urlmuskip=\muskip10
Package: url 2006/04/12  ver 3.3  Verb mode for urls, etc.
)
LaTeX Info: Redefining \url on input line 3428.

(/usr/local/texlive/2009/texmf-dist/tex/generic/oberdiek/bitset.sty
Package: bitset 2007/09/28 v1.0 Data type bit set (HO)

(/usr/local/texlive/2009/texmf-dist/tex/generic/oberdiek/intcalc.sty
Package: intcalc 2007/09/27 v1.1 Expandable integer calculations (HO)
)
(/usr/local/texlive/2009/texmf-dist/tex/generic/oberdiek/bigintcalc.sty
Package: bigintcalc 2007/11/11 v1.1 Expandable big integer calculations (HO)

(/usr/local/texlive/2009/texmf-dist/tex/generic/oberdiek/pdftexcmds.sty
Package: pdftexcmds 2009/09/23 v0.6 LuaTeX support for pdfTeX utility functions
 (HO)

(/usr/local/texlive/2009/texmf-dist/tex/generic/oberdiek/ifluatex.sty
Package: ifluatex 2009/04/17 v1.2 Provides the ifluatex switch (HO)
Package ifluatex Info: LuaTeX not detected.
)
(/usr/local/texlive/2009/texmf-dist/tex/generic/oberdiek/ltxcmds.sty
Package: ltxcmds 2009/08/05 v1.0 Some LaTeX kernel commands for general use (HO
)
)
Package pdftexcmds Info: LuaTeX not detected.
Package pdftexcmds Info: \pdf@primitive is available.
Package pdftexcmds Info: \pdf@ifprimitive is available.
)))
\Fld@menulength=\count121
\Field@Width=\dimen158
\Fld@charsize=\dimen159
\Field@toks=\toks21
Package hyperref Info: Hyper figures OFF on input line 4377.
Package hyperref Info: Link nesting OFF on input line 4382.
Package hyperref Info: Hyper index ON on input line 4385.
Package hyperref Info: backreferencing OFF on input line 4392.
Package hyperref Info: Link coloring OFF on input line 4397.
Package hyperref Info: Link coloring with OCG OFF on input line 4402.
Package hyperref Info: PDF/A mode OFF on input line 4407.

(/usr/local/texlive/2009/texmf-dist/tex/generic/oberdiek/atbegshi.sty
Package: atbegshi 2008/07/31 v1.9 At begin shipout hook (HO)
)

Package hyperref Warning: Option `pdfpagelabels' is turned off
(hyperref)                because \thepage is undefined.

Hyperref stopped early
)
*hyperref using default driver hpdftex*
(/usr/local/texlive/2009/texmf-dist/tex/latex/hyperref/hpdftex.def
File: hpdftex.def 2009/10/09 v6.79a Hyperref driver for pdfTeX
\Fld@listcount=\count122
)
(/usr/local/texlive/2009/texmf-dist/tex/latex/base/size11.clo
File: size11.clo 2007/10/19 v1.4h Standard LaTeX file (size option)
)
(/usr/local/texlive/2009/texmf-dist/tex/latex/beamer/beamerbasecompatibility.st
y
Package: beamerbasecompatibility 2007/01/28  (rcs-revision 1.63)
) (/usr/local/texlive/2009/texmf-dist/tex/latex/beamer/beamerbasefont.sty
Package: beamerbasefont 2007/01/28  (rcs-revision 1.16)
)
(/usr/local/texlive/2009/texmf-dist/tex/latex/beamer/beamerbasemisc.sty
Package: beamerbasemisc 2007/01/28  (rcs-revision 1.24)
)
(/usr/local/texlive/2009/texmf-dist/tex/latex/beamer/beamerbasetwoscreens.sty
Package: beamerbasetwoscreens 2009/06/14  (rcs-revision 1.71)
)
(/usr/local/texlive/2009/texmf-dist/tex/latex/beamer/beamerbaseoverlay.sty
Package: beamerbaseoverlay 2007/01/28  (rcs-revision 1.50)
\beamer@argscount=\count123
\beamer@lastskipcover=\skip42
\beamer@trivlistdepth=\count124
)
(/usr/local/texlive/2009/texmf-dist/tex/latex/beamer/beamerbasetitle.sty
Package: beamerbasetitle 2007/01/28  (rcs-revision 1.25)
)
(/usr/local/texlive/2009/texmf-dist/tex/latex/beamer/beamerbasesection.sty
Package: beamerbasesection 2007/01/28  (rcs-revision 1.21)
\c@lecture=\count125
\c@part=\count126
\c@section=\count127
\c@subsection=\count128
\c@subsubsection=\count129
)
(/usr/local/texlive/2009/texmf-dist/tex/latex/beamer/beamerbaseframe.sty
Package: beamerbaseframe 2007/01/28  (rcs-revision 1.60)
\beamer@framebox=\box39
\beamer@frametitlebox=\box40
\beamer@zoombox=\box41
\beamer@zoomcount=\count130
\beamer@zoomframecount=\count131
\beamer@frametextheight=\dimen160
\c@subsectionslide=\count132
\beamer@frametopskip=\skip43
\beamer@framebottomskip=\skip44
\beamer@frametopskipautobreak=\skip45
\beamer@framebottomskipautobreak=\skip46
\beamer@envbody=\toks22
\c@framenumber=\count133
)
(/usr/local/texlive/2009/texmf-dist/tex/latex/beamer/beamerbaseverbatim.sty
Package: beamerbaseverbatim 2007/01/28  (rcs-revision 1.8)
\beamer@verbatimfileout=\write3
)
(/usr/local/texlive/2009/texmf-dist/tex/latex/beamer/beamerbaseframesize.sty
Package: beamerbaseframesize 2007/01/28  (rcs-revision 1.18)
\beamer@splitbox=\box42
\beamer@autobreakcount=\count134
\beamer@autobreaklastheight=\dimen161
\beamer@frametitletoks=\toks23
\beamer@framesubtitletoks=\toks24
)
(/usr/local/texlive/2009/texmf-dist/tex/latex/beamer/beamerbaseframecomponents.
sty
Package: beamerbaseframecomponents 2007/01/28  (rcs-revision 1.41)
\beamer@footins=\box43
) (/usr/local/texlive/2009/texmf-dist/tex/latex/beamer/beamerbasecolor.sty
Package: beamerbasecolor 2007/01/28  (rcs-revision 1.42)
)
(/usr/local/texlive/2009/texmf-dist/tex/latex/beamer/beamerbasenotes.sty
Package: beamerbasenotes 2007/01/28  (rcs-revision 1.23)
\beamer@frameboxcopy=\box44
)
(/usr/local/texlive/2009/texmf-dist/tex/latex/beamer/beamerbasetoc.sty
Package: beamerbasetoc 2007/01/28  (rcs-revision 1.21)
)
(/usr/local/texlive/2009/texmf-dist/tex/latex/beamer/beamerbasetemplates.sty
Package: beamerbasetemplates 2007/01/28  (rcs-revision 1.51)
\beamer@sbttoks=\toks25

(/usr/local/texlive/2009/texmf-dist/tex/latex/beamer/beamerbaseauxtemplates.sty
Package: beamerbaseauxtemplates 2007/01/28  (rcs-revision 1.28)
(/usr/local/texlive/2009/texmf-dist/tex/latex/beamer/beamerbaseboxes.sty
Package: beamerbaseboxes 2007/03/11  (rcs-revision 1.32)
\bmb@box=\box45
\bmb@colorbox=\box46
\bmb@boxshadow=\box47
\bmb@boxshadowball=\box48
\bmb@boxshadowballlarge=\box49
\bmb@temp=\dimen162
\bmb@dima=\dimen163
\bmb@dimb=\dimen164
\bmb@prevheight=\dimen165
)
\beamer@blockheadheight=\dimen166
))
(/usr/local/texlive/2009/texmf-dist/tex/latex/beamer/beamerbaselocalstructure.s
ty
Package: beamerbaselocalstructure 2007/01/28  (rcs-revision 1.53)
 (/usr/local/texlive/2009/texmf-dist/tex/latex/tools/enumerate.sty
Package: enumerate 1999/03/05 v3.00 enumerate extensions (DPC)
\@enLab=\toks26
)
\c@figure=\count135
\c@table=\count136
\abovecaptionskip=\skip47
\belowcaptionskip=\skip48
)
(/usr/local/texlive/2009/texmf-dist/tex/latex/beamer/beamerbasenavigation.sty
Package: beamerbasenavigation 2007/01/28  (rcs-revision 1.36)
)
(/usr/local/texlive/2009/texmf-dist/tex/latex/beamer/beamerbasetheorems.sty
Package: beamerbasetheorems 2007/01/28  (rcs-revision 1.10)

(/usr/local/texlive/2009/texmf-dist/tex/latex/translator/translator.sty
Package: translator 2007/03/11 ver 1.00

(/usr/local/texlive/2009/texmf-dist/tex/latex/translator/translator-language-ma
ppings.tex)) (/usr/local/texlive/2009/texmf-dist/tex/latex/amsmath/amsmath.sty
Package: amsmath 2000/07/18 v2.13 AMS math features
\@mathmargin=\skip49

For additional information on amsmath, use the `?' option.
(/usr/local/texlive/2009/texmf-dist/tex/latex/amsmath/amstext.sty
Package: amstext 2000/06/29 v2.01

(/usr/local/texlive/2009/texmf-dist/tex/latex/amsmath/amsgen.sty
File: amsgen.sty 1999/11/30 v2.0
\@emptytoks=\toks27
\ex@=\dimen167
))
(/usr/local/texlive/2009/texmf-dist/tex/latex/amsmath/amsbsy.sty
Package: amsbsy 1999/11/29 v1.2d
\pmbraise@=\dimen168
)
(/usr/local/texlive/2009/texmf-dist/tex/latex/amsmath/amsopn.sty
Package: amsopn 1999/12/14 v2.01 operator names
)
\inf@bad=\count137
LaTeX Info: Redefining \frac on input line 211.
\uproot@=\count138
\leftroot@=\count139
LaTeX Info: Redefining \overline on input line 307.
\classnum@=\count140
\DOTSCASE@=\count141
LaTeX Info: Redefining \ldots on input line 379.
LaTeX Info: Redefining \dots on input line 382.
LaTeX Info: Redefining \cdots on input line 467.
\Mathstrutbox@=\box50
\strutbox@=\box51
\big@size=\dimen169
LaTeX Font Info:    Redeclaring font encoding OML on input line 567.
LaTeX Font Info:    Redeclaring font encoding OMS on input line 568.
\macc@depth=\count142
\c@MaxMatrixCols=\count143
\dotsspace@=\muskip11
\c@parentequation=\count144
\dspbrk@lvl=\count145
\tag@help=\toks28
\row@=\count146
\column@=\count147
\maxfields@=\count148
\andhelp@=\toks29
\eqnshift@=\dimen170
\alignsep@=\dimen171
\tagshift@=\dimen172
\tagwidth@=\dimen173
\totwidth@=\dimen174
\lineht@=\dimen175
\@envbody=\toks30
\multlinegap=\skip50
\multlinetaggap=\skip51
\mathdisplay@stack=\toks31
LaTeX Info: Redefining \[ on input line 2666.
LaTeX Info: Redefining \] on input line 2667.
)
(/usr/local/texlive/2009/texmf-dist/tex/latex/amscls/amsthm.sty
Package: amsthm 2004/08/06 v2.20
\thm@style=\toks32
\thm@bodyfont=\toks33
\thm@headfont=\toks34
\thm@notefont=\toks35
\thm@headpunct=\toks36
\thm@preskip=\skip52
\thm@postskip=\skip53
\thm@headsep=\skip54
\dth@everypar=\toks37
)
\c@theorem=\count149
)
(/usr/local/texlive/2009/texmf-dist/tex/latex/beamer/beamerbasethemes.sty
Package: beamerbasethemes 2007/01/28  (rcs-revision 1.10)
)
(/usr/local/texlive/2009/texmf-dist/tex/latex/beamer/themes/theme/beamerthemede
fault.sty
Package: beamerthemedefault 2007/01/28  (rcs-revision 1.7)

(/usr/local/texlive/2009/texmf-dist/tex/latex/beamer/themes/font/beamerfontthem
edefault.sty
Package: beamerfontthemedefault 2007/01/28  (rcs-revision 1.13)
)
(/usr/local/texlive/2009/texmf-dist/tex/latex/beamer/themes/color/beamercolorth
emedefault.sty
Package: beamercolorthemedefault 2007/01/28  (rcs-revision 1.28)
)
(/usr/local/texlive/2009/texmf-dist/tex/latex/beamer/themes/inner/beamerinnerth
emedefault.sty
Package: beamerinnerthemedefault 2007/01/28  (rcs-revision 1.20)
\beamer@dima=\dimen176
\beamer@dimb=\dimen177
)
(/usr/local/texlive/2009/texmf-dist/tex/latex/beamer/themes/outer/beamerouterth
emedefault.sty
Package: beamerouterthemedefault 2007/01/28  (rcs-revision 1.14)
)))
(/usr/local/texlive/2009/texmf-dist/tex/latex/beamer/themes/theme/beamerthemeFr
ankfurt.sty
Package: beamerthemeFrankfurt 2007/01/28  (rcs-revision 1.9)

(/usr/local/texlive/2009/texmf-dist/tex/latex/beamer/themes/outer/beamerouterth
emesmoothbars.sty
Package: beamerouterthemesmoothbars 2007/01/28  (rcs-revision 1.6)
)
(/usr/local/texlive/2009/texmf-dist/tex/latex/beamer/themes/inner/beamerinnerth
emerounded.sty
Package: beamerinnerthemerounded 2007/01/28  (rcs-revision 1.5)
)
(/usr/local/texlive/2009/texmf-dist/tex/latex/beamer/themes/color/beamercolorth
emeorchid.sty
Package: beamercolorthemeorchid 2007/01/28  (rcs-revision 1.3)
)
(/usr/local/texlive/2009/texmf-dist/tex/latex/beamer/themes/color/beamercolorth
emewhale.sty
Package: beamercolorthemewhale 2007/01/28  (rcs-revision 1.4)
))
(/usr/local/texlive/2009/texmf-dist/tex/latex/beamer/themes/color/beamercolorth
emestructure.sty
Package: beamercolorthemestructure 2007/01/28  (rcs-revision 1.4)
)
(/usr/local/texlive/2009/texmf-dist/tex/latex/beamer/themes/inner/beamerinnerth
emecircles.sty
Package: beamerinnerthemecircles 2007/01/28  (rcs-revision 1.4)
)
(/usr/local/texlive/2009/texmf-dist/tex/latex/beamer/themes/theme/compatibility
/beamerthemesplit.sty
Package: beamerthemesplit 2007/01/28  (rcs-revision 1.9)

(/usr/local/texlive/2009/texmf-dist/tex/latex/beamer/themes/outer/beamerouterth
emesplit.sty
Package: beamerouterthemesplit 2007/01/28  (rcs-revision 1.5)
)
(/usr/local/texlive/2009/texmf-dist/tex/latex/beamer/themes/font/beamerfontthem
estructurebold.sty
Package: beamerfontthemestructurebold 2007/01/28  (rcs-revision 1.3)
))
(/usr/local/texlive/2009/texmf-dist/tex/latex/oberdiek/epstopdf.sty
Package: epstopdf 2009/10/17 v2.4 Conversion with epstopdf on the fly (HO)

(/usr/local/texlive/2009/texmf-dist/tex/latex/oberdiek/epstopdf-base.sty
Package: epstopdf-base 2009/10/17 v2.4 Base part for package epstopdf

(/usr/local/texlive/2009/texmf-dist/tex/latex/oberdiek/grfext.sty
Package: grfext 2007/09/30 v1.0 Managing graphics extensions (HO)
)
Package grfext Info: Graphics extension search list:
(grfext)             [.png,.pdf,.jpg,.mps,.jpeg,.jbig2,.jb2,.PNG,.PDF,.JPG,.JPE
G,.JBIG2,.JB2,.eps]
(grfext)             \AppendGraphicsExtensions on input line 433.

(/usr/local/texlive/2009/texmf-dist/tex/latex/latexconfig/epstopdf-sys.cfg
File: epstopdf-sys.cfg 2009/10/26 v1.1 Configuration of epstopdf for TeX Live
)))
(/usr/local/texlive/2009/texmf-dist/tex/latex/listings/listings.sty
\lst@mode=\count150
\lst@gtempboxa=\box52
\lst@token=\toks38
\lst@length=\count151
\lst@currlwidth=\dimen178
\lst@column=\count152
\lst@pos=\count153
\lst@lostspace=\dimen179
\lst@width=\dimen180
\lst@newlines=\count154
\lst@lineno=\count155
\lst@maxwidth=\dimen181

(/usr/local/texlive/2009/texmf-dist/tex/latex/listings/lstmisc.sty
File: lstmisc.sty 2007/02/22 1.4 (Carsten Heinz)
\c@lstnumber=\count156
\lst@skipnumbers=\count157
\lst@framebox=\box53
)
(/usr/local/texlive/2009/texmf-dist/tex/latex/listings/listings.cfg
File: listings.cfg 2007/02/22 1.4 listings configuration
))
Package: listings 2007/02/22 1.4 (Carsten Heinz)

(/usr/local/texlive/2009/texmf-dist/tex/latex/ppower4/pause.sty)
(/usr/local/texlive/2009/texmf-dist/tex/generic/babel/babel.sty
Package: babel 2008/07/06 v3.8l The Babel package

(/usr/local/texlive/2009/texmf-dist/tex/generic/babel/germanb.ldf
Language: germanb 2008/06/01 v2.6m German support from the babel system

(/usr/local/texlive/2009/texmf-dist/tex/generic/babel/babel.def
File: babel.def 2008/07/06 v3.8l Babel common definitions
LaTeX Info: Redefining \textlatin on input line 82.
\babel@savecnt=\count158
\U@D=\dimen182
)
\l@austrian = a dialect from \language\l@german 
Package babel Info: Making " an active character on input line 102.
))
(/usr/local/texlive/2009/texmf-dist/tex/latex/base/inputenc.sty
Package: inputenc 2008/03/30 v1.1d Input encoding file
\inpenc@prehook=\toks39
\inpenc@posthook=\toks40

(/usr/local/texlive/2009/texmf-dist/tex/latex/base/utf8.def
File: utf8.def 2008/04/05 v1.1m UTF-8 support for inputenc
Now handling font encoding OML ...
... no UTF-8 mapping file for font encoding OML
Now handling font encoding T1 ...
... processing UTF-8 mapping file for font encoding T1

(/usr/local/texlive/2009/texmf-dist/tex/latex/base/t1enc.dfu
File: t1enc.dfu 2008/04/05 v1.1m UTF-8 support for inputenc
   defining Unicode char U+00A1 (decimal 161)
   defining Unicode char U+00A3 (decimal 163)
   defining Unicode char U+00AB (decimal 171)
   defining Unicode char U+00BB (decimal 187)
   defining Unicode char U+00BF (decimal 191)
   defining Unicode char U+00C0 (decimal 192)
   defining Unicode char U+00C1 (decimal 193)
   defining Unicode char U+00C2 (decimal 194)
   defining Unicode char U+00C3 (decimal 195)
   defining Unicode char U+00C4 (decimal 196)
   defining Unicode char U+00C5 (decimal 197)
   defining Unicode char U+00C6 (decimal 198)
   defining Unicode char U+00C7 (decimal 199)
   defining Unicode char U+00C8 (decimal 200)
   defining Unicode char U+00C9 (decimal 201)
   defining Unicode char U+00CA (decimal 202)
   defining Unicode char U+00CB (decimal 203)
   defining Unicode char U+00CC (decimal 204)
   defining Unicode char U+00CD (decimal 205)
   defining Unicode char U+00CE (decimal 206)
   defining Unicode char U+00CF (decimal 207)
   defining Unicode char U+00D0 (decimal 208)
   defining Unicode char U+00D1 (decimal 209)
   defining Unicode char U+00D2 (decimal 210)
   defining Unicode char U+00D3 (decimal 211)
   defining Unicode char U+00D4 (decimal 212)
   defining Unicode char U+00D5 (decimal 213)
   defining Unicode char U+00D6 (decimal 214)
   defining Unicode char U+00D8 (decimal 216)
   defining Unicode char U+00D9 (decimal 217)
   defining Unicode char U+00DA (decimal 218)
   defining Unicode char U+00DB (decimal 219)
   defining Unicode char U+00DC (decimal 220)
   defining Unicode char U+00DD (decimal 221)
   defining Unicode char U+00DE (decimal 222)
   defining Unicode char U+00DF (decimal 223)
   defining Unicode char U+00E0 (decimal 224)
   defining Unicode char U+00E1 (decimal 225)
   defining Unicode char U+00E2 (decimal 226)
   defining Unicode char U+00E3 (decimal 227)
   defining Unicode char U+00E4 (decimal 228)
   defining Unicode char U+00E5 (decimal 229)
   defining Unicode char U+00E6 (decimal 230)
   defining Unicode char U+00E7 (decimal 231)
   defining Unicode char U+00E8 (decimal 232)
   defining Unicode char U+00E9 (decimal 233)
   defining Unicode char U+00EA (decimal 234)
   defining Unicode char U+00EB (decimal 235)
   defining Unicode char U+00EC (decimal 236)
   defining Unicode char U+00ED (decimal 237)
   defining Unicode char U+00EE (decimal 238)
   defining Unicode char U+00EF (decimal 239)
   defining Unicode char U+00F0 (decimal 240)
   defining Unicode char U+00F1 (decimal 241)
   defining Unicode char U+00F2 (decimal 242)
   defining Unicode char U+00F3 (decimal 243)
   defining Unicode char U+00F4 (decimal 244)
   defining Unicode char U+00F5 (decimal 245)
   defining Unicode char U+00F6 (decimal 246)
   defining Unicode char U+00F8 (decimal 248)
   defining Unicode char U+00F9 (decimal 249)
   defining Unicode char U+00FA (decimal 250)
   defining Unicode char U+00FB (decimal 251)
   defining Unicode char U+00FC (decimal 252)
   defining Unicode char U+00FD (decimal 253)
   defining Unicode char U+00FE (decimal 254)
   defining Unicode char U+00FF (decimal 255)
   defining Unicode char U+0102 (decimal 258)
   defining Unicode char U+0103 (decimal 259)
   defining Unicode char U+0104 (decimal 260)
   defining Unicode char U+0105 (decimal 261)
   defining Unicode char U+0106 (decimal 262)
   defining Unicode char U+0107 (decimal 263)
   defining Unicode char U+010C (decimal 268)
   defining Unicode char U+010D (decimal 269)
   defining Unicode char U+010E (decimal 270)
   defining Unicode char U+010F (decimal 271)
   defining Unicode char U+0110 (decimal 272)
   defining Unicode char U+0111 (decimal 273)
   defining Unicode char U+0118 (decimal 280)
   defining Unicode char U+0119 (decimal 281)
   defining Unicode char U+011A (decimal 282)
   defining Unicode char U+011B (decimal 283)
   defining Unicode char U+011E (decimal 286)
   defining Unicode char U+011F (decimal 287)
   defining Unicode char U+0130 (decimal 304)
   defining Unicode char U+0131 (decimal 305)
   defining Unicode char U+0132 (decimal 306)
   defining Unicode char U+0133 (decimal 307)
   defining Unicode char U+0139 (decimal 313)
   defining Unicode char U+013A (decimal 314)
   defining Unicode char U+013D (decimal 317)
   defining Unicode char U+013E (decimal 318)
   defining Unicode char U+0141 (decimal 321)
   defining Unicode char U+0142 (decimal 322)
   defining Unicode char U+0143 (decimal 323)
   defining Unicode char U+0144 (decimal 324)
   defining Unicode char U+0147 (decimal 327)
   defining Unicode char U+0148 (decimal 328)
   defining Unicode char U+014A (decimal 330)
   defining Unicode char U+014B (decimal 331)
   defining Unicode char U+0150 (decimal 336)
   defining Unicode char U+0151 (decimal 337)
   defining Unicode char U+0152 (decimal 338)
   defining Unicode char U+0153 (decimal 339)
   defining Unicode char U+0154 (decimal 340)
   defining Unicode char U+0155 (decimal 341)
   defining Unicode char U+0158 (decimal 344)
   defining Unicode char U+0159 (decimal 345)
   defining Unicode char U+015A (decimal 346)
   defining Unicode char U+015B (decimal 347)
   defining Unicode char U+015E (decimal 350)
   defining Unicode char U+015F (decimal 351)
   defining Unicode char U+0160 (decimal 352)
   defining Unicode char U+0161 (decimal 353)
   defining Unicode char U+0162 (decimal 354)
   defining Unicode char U+0163 (decimal 355)
   defining Unicode char U+0164 (decimal 356)
   defining Unicode char U+0165 (decimal 357)
   defining Unicode char U+016E (decimal 366)
   defining Unicode char U+016F (decimal 367)
   defining Unicode char U+0170 (decimal 368)
   defining Unicode char U+0171 (decimal 369)
   defining Unicode char U+0178 (decimal 376)
   defining Unicode char U+0179 (decimal 377)
   defining Unicode char U+017A (decimal 378)
   defining Unicode char U+017B (decimal 379)
   defining Unicode char U+017C (decimal 380)
   defining Unicode char U+017D (decimal 381)
   defining Unicode char U+017E (decimal 382)
   defining Unicode char U+200C (decimal 8204)
   defining Unicode char U+2013 (decimal 8211)
   defining Unicode char U+2014 (decimal 8212)
   defining Unicode char U+2018 (decimal 8216)
   defining Unicode char U+2019 (decimal 8217)
   defining Unicode char U+201A (decimal 8218)
   defining Unicode char U+201C (decimal 8220)
   defining Unicode char U+201D (decimal 8221)
   defining Unicode char U+201E (decimal 8222)
   defining Unicode char U+2030 (decimal 8240)
   defining Unicode char U+2031 (decimal 8241)
   defining Unicode char U+2039 (decimal 8249)
   defining Unicode char U+203A (decimal 8250)
   defining Unicode char U+2423 (decimal 9251)
)
Now handling font encoding OT1 ...
... processing UTF-8 mapping file for font encoding OT1

(/usr/local/texlive/2009/texmf-dist/tex/latex/base/ot1enc.dfu
File: ot1enc.dfu 2008/04/05 v1.1m UTF-8 support for inputenc
   defining Unicode char U+00A1 (decimal 161)
   defining Unicode char U+00A3 (decimal 163)
   defining Unicode char U+00B8 (decimal 184)
   defining Unicode char U+00BF (decimal 191)
   defining Unicode char U+00C5 (decimal 197)
   defining Unicode char U+00C6 (decimal 198)
   defining Unicode char U+00D8 (decimal 216)
   defining Unicode char U+00DF (decimal 223)
   defining Unicode char U+00E6 (decimal 230)
   defining Unicode char U+00EC (decimal 236)
   defining Unicode char U+00ED (decimal 237)
   defining Unicode char U+00EE (decimal 238)
   defining Unicode char U+00EF (decimal 239)
   defining Unicode char U+00F8 (decimal 248)
   defining Unicode char U+0131 (decimal 305)
   defining Unicode char U+0141 (decimal 321)
   defining Unicode char U+0142 (decimal 322)
   defining Unicode char U+0152 (decimal 338)
   defining Unicode char U+0153 (decimal 339)
   defining Unicode char U+2013 (decimal 8211)
   defining Unicode char U+2014 (decimal 8212)
   defining Unicode char U+2018 (decimal 8216)
   defining Unicode char U+2019 (decimal 8217)
   defining Unicode char U+201C (decimal 8220)
   defining Unicode char U+201D (decimal 8221)
)
Now handling font encoding OMS ...
... processing UTF-8 mapping file for font encoding OMS

(/usr/local/texlive/2009/texmf-dist/tex/latex/base/omsenc.dfu
File: omsenc.dfu 2008/04/05 v1.1m UTF-8 support for inputenc
   defining Unicode char U+00A7 (decimal 167)
   defining Unicode char U+00B6 (decimal 182)
   defining Unicode char U+00B7 (decimal 183)
   defining Unicode char U+2020 (decimal 8224)
   defining Unicode char U+2021 (decimal 8225)
   defining Unicode char U+2022 (decimal 8226)
)
Now handling font encoding OMX ...
... no UTF-8 mapping file for font encoding OMX
Now handling font encoding U ...
... no UTF-8 mapping file for font encoding U
Now handling font encoding PD1 ...
... no UTF-8 mapping file for font encoding PD1
   defining Unicode char U+00A9 (decimal 169)
   defining Unicode char U+00AA (decimal 170)
   defining Unicode char U+00AE (decimal 174)
   defining Unicode char U+00BA (decimal 186)
   defining Unicode char U+02C6 (decimal 710)
   defining Unicode char U+02DC (decimal 732)
   defining Unicode char U+200C (decimal 8204)
   defining Unicode char U+2026 (decimal 8230)
   defining Unicode char U+2122 (decimal 8482)
   defining Unicode char U+2423 (decimal 9251)
))
(/usr/local/texlive/2009/texmf-dist/tex/latex/psnfss/times.sty
Package: times 2005/04/12 PSNFSS-v9.2a (SPQR) 
)
(/usr/local/texlive/2009/texmf-dist/tex/latex/base/fontenc.sty
Package: fontenc 2005/09/27 v1.99g Standard LaTeX package

(/usr/local/texlive/2009/texmf-dist/tex/latex/base/t1enc.def
File: t1enc.def 2005/09/27 v1.99g Standard LaTeX file
LaTeX Font Info:    Redeclaring font encoding T1 on input line 43.
))

Package hyperref Warning: Token not allowed in a PDF string (PDFDocEncoding):
(hyperref)                removing `\\' on input line 41.


Package hyperref Warning: Token not allowed in a PDF string (PDFDocEncoding):
(hyperref)                removing `\\' on input line 41.

(./entwurf_vortrag.aux)
\openout1 = `entwurf_vortrag.aux'.

LaTeX Font Info:    Checking defaults for OML/cmm/m/it on input line 65.
LaTeX Font Info:    ... okay on input line 65.
LaTeX Font Info:    Checking defaults for T1/cmr/m/n on input line 65.
LaTeX Font Info:    ... okay on input line 65.
LaTeX Font Info:    Checking defaults for OT1/cmr/m/n on input line 65.
LaTeX Font Info:    ... okay on input line 65.
LaTeX Font Info:    Checking defaults for OMS/cmsy/m/n on input line 65.
LaTeX Font Info:    ... okay on input line 65.
LaTeX Font Info:    Checking defaults for OMX/cmex/m/n on input line 65.
LaTeX Font Info:    ... okay on input line 65.
LaTeX Font Info:    Checking defaults for U/cmr/m/n on input line 65.
LaTeX Font Info:    ... okay on input line 65.
LaTeX Font Info:    Checking defaults for PD1/pdf/m/n on input line 65.
LaTeX Font Info:    ... okay on input line 65.
LaTeX Font Info:    Try loading font information for T1+phv on input line 65.

(/usr/local/texlive/2009/texmf-dist/tex/latex/psnfss/t1phv.fd
File: t1phv.fd 2001/06/04 scalable font definitions for T1/phv.
)
(/usr/local/texlive/2009/texmf-dist/tex/context/base/supp-pdf.mkii
[Loading MPS to PDF converter (version 2006.09.02).]
\scratchcounter=\count159
\scratchdimen=\dimen183
\scratchbox=\box54
\nofMPsegments=\count160
\nofMParguments=\count161
\everyMPshowfont=\toks41
\MPscratchCnt=\count162
\MPscratchDim=\dimen184
\MPnumerator=\count163
\everyMPtoPDFconversion=\toks42
)
*geometry auto-detecting driver*
*geometry detected driver: pdftex*
-------------------- Geometry parameters
paper: user defined
landscape: --
twocolumn: --
twoside: --
asymmetric: --
h-parts: 28.45274pt, 307.28987pt, 28.45274pt
v-parts: 0.0pt, 273.14662pt, 0.0pt
hmarginratio: --
vmarginratio: --
lines: --
heightrounded: --
bindingoffset: 0.0pt
truedimen: --
includehead: true
includefoot: true
includemp: --
driver: pdftex
-------------------- Page layout dimensions and switches
\paperwidth  364.19536pt
\paperheight 273.14662pt
\textwidth  307.28987pt
\textheight 244.6939pt
\oddsidemargin  -43.81725pt
\evensidemargin -43.81725pt
\topmargin  -72.26999pt
\headheight 14.22636pt
\headsep    0.0pt
\footskip   14.22636pt
\marginparwidth 4.0pt
\marginparsep   10.0pt
\columnsep  10.0pt
\skip\footins  10.0pt plus 4.0pt minus 2.0pt
\hoffset 0.0pt
\voffset 0.0pt
\mag 1000

(1in=72.27pt, 1cm=28.45pt)
-----------------------
Package hyperref Info: Link coloring OFF on input line 65.
(/usr/local/texlive/2009/texmf-dist/tex/latex/hyperref/nameref.sty
Package: nameref 2007/05/29 v2.31 Cross-referencing by name of section

(/usr/local/texlive/2009/texmf-dist/tex/latex/oberdiek/refcount.sty
Package: refcount 2008/08/11 v3.1 Data extraction from references (HO)
)
\c@section@level=\count164
)
LaTeX Info: Redefining \ref on input line 65.
LaTeX Info: Redefining \pageref on input line 65.

(./entwurf_vortrag.out) (./entwurf_vortrag.out)
\@outlinefile=\write4
\openout4 = `entwurf_vortrag.out'.

\AtBeginShipoutBox=\box55
LaTeX Font Info:    Overwriting symbol font `operators' in version `normal'
(Font)                  OT1/cmr/m/n --> OT1/cmss/m/n on input line 65.
LaTeX Font Info:    Overwriting symbol font `operators' in version `bold'
(Font)                  OT1/cmr/bx/n --> OT1/cmss/bx/n on input line 65.
\symnumbers=\mathgroup6
\sympureletters=\mathgroup7
LaTeX Font Info:    Overwriting math alphabet `\mathrm' in version `normal'
(Font)                  OT1/cmss/m/n --> T1/ptm/m/n on input line 65.
LaTeX Font Info:    Redeclaring math alphabet \mathbf on input line 65.
LaTeX Font Info:    Overwriting math alphabet `\mathbf' in version `normal'
(Font)                  OT1/cmr/bx/n --> T1/phv/bx/n on input line 65.
LaTeX Font Info:    Overwriting math alphabet `\mathbf' in version `bold'
(Font)                  OT1/cmr/bx/n --> T1/phv/bx/n on input line 65.
LaTeX Font Info:    Redeclaring math alphabet \mathsf on input line 65.
LaTeX Font Info:    Overwriting math alphabet `\mathsf' in version `normal'
(Font)                  OT1/cmss/m/n --> T1/phv/m/n on input line 65.
LaTeX Font Info:    Overwriting math alphabet `\mathsf' in version `bold'
(Font)                  OT1/cmss/bx/n --> T1/phv/m/n on input line 65.
LaTeX Font Info:    Redeclaring math alphabet \mathit on input line 65.
LaTeX Font Info:    Overwriting math alphabet `\mathit' in version `normal'
(Font)                  OT1/cmr/m/it --> T1/phv/m/it on input line 65.
LaTeX Font Info:    Overwriting math alphabet `\mathit' in version `bold'
(Font)                  OT1/cmr/bx/it --> T1/phv/m/it on input line 65.
LaTeX Font Info:    Redeclaring math alphabet \mathtt on input line 65.
LaTeX Font Info:    Overwriting math alphabet `\mathtt' in version `normal'
(Font)                  OT1/cmtt/m/n --> T1/pcr/m/n on input line 65.
LaTeX Font Info:    Overwriting math alphabet `\mathtt' in version `bold'
(Font)                  OT1/cmtt/m/n --> T1/pcr/m/n on input line 65.
LaTeX Font Info:    Overwriting symbol font `numbers' in version `bold'
(Font)                  T1/phv/m/n --> T1/phv/bx/n on input line 65.
LaTeX Font Info:    Overwriting symbol font `pureletters' in version `bold'
(Font)                  T1/phv/m/it --> T1/phv/bx/it on input line 65.
LaTeX Font Info:    Overwriting math alphabet `\mathrm' in version `bold'
(Font)                  OT1/cmss/bx/n --> T1/ptm/bx/n on input line 65.
LaTeX Font Info:    Overwriting math alphabet `\mathbf' in version `bold'
(Font)                  T1/phv/bx/n --> T1/phv/bx/n on input line 65.
LaTeX Font Info:    Overwriting math alphabet `\mathsf' in version `bold'
(Font)                  T1/phv/m/n --> T1/phv/bx/n on input line 65.
LaTeX Font Info:    Overwriting math alphabet `\mathit' in version `bold'
(Font)                  T1/phv/m/it --> T1/phv/bx/it on input line 65.
LaTeX Font Info:    Overwriting math alphabet `\mathtt' in version `bold'
(Font)                  T1/pcr/m/n --> T1/pcr/bx/n on input line 65.

(/usr/local/texlive/2009/texmf-dist/tex/latex/translator/translator-theorem-dic
tionary-English.dict
Dictionary: translator-theorem-dictionary, Language: English 
)
LaTeX Font Info:    Font shape `T1/phv/bx/n' in size <6> not available
(Font)              Font shape `T1/phv/b/n' tried instead on input line 65.
\c@lstlisting=\count165
 (./entwurf_vortrag.nav)
(/usr/local/texlive/2009/texmf-dist/tex/latex/listings/lstlang1.sty
File: lstlang1.sty 2004/09/05 1.3 listings language file
)
LaTeX Font Info:    Font shape `T1/phv/bx/n' in size <4> not available
(Font)              Font shape `T1/phv/b/n' tried instead on input line 71.
 [1{/usr/local/texlive/2009/texmf-var/fonts/map/pdftex/updmap/pdftex.map}

]
(./entwurf_vortrag.toc
LaTeX Font Info:    Font shape `T1/phv/bx/n' in size <8> not available
(Font)              Font shape `T1/phv/b/n' tried instead on input line 3.
) [2

] (./entwurf_vortrag.toc) [3

]
Package epstopdf Info: Source file: <images/einteilung.eps>
(epstopdf)                    date: 2010-11-09 13:01:07
(epstopdf)                    size: 568911 bytes
(epstopdf)             Output file: <images/einteilung-eps-converted-to.pdf>
(epstopdf)                    date: 2010-11-09 13:02:03
(epstopdf)                    size: 81987 bytes
(epstopdf)             Command: <epstopdf --outfile=images/einteilung-eps-conve
rted-to.pdf images/einteilung.eps>
(epstopdf)             \includegraphics on input line 86.
Package epstopdf Info: Output file is already uptodate.

<images/einteilung-eps-converted-to.pdf, id=190, 561.09625pt x 197.73875pt>
File: images/einteilung-eps-converted-to.pdf Graphic file (type pdf)

<use images/einteilung-eps-converted-to.pdf>
Overfull \hbox (15.65474pt too wide) in paragraph at lines 86--86
 [] 
 []

[4

 <./images/einteilung-eps-converted-to.pdf>] (./entwurf_vortrag.toc) [5

]
Package epstopdf Info: Source file: <images/sequenzdiagramm.eps>
(epstopdf)                    date: 2010-11-10 09:10:40
(epstopdf)                    size: 103135 bytes
(epstopdf)             Output file: <images/sequenzdiagramm-eps-converted-to.pd
f>
(epstopdf)                    date: 2010-11-10 09:30:19
(epstopdf)                    size: 26809 bytes
(epstopdf)             Command: <epstopdf --outfile=images/sequenzdiagramm-eps-
converted-to.pdf images/sequenzdiagramm.eps>
(epstopdf)             \includegraphics on input line 94.
Package epstopdf Info: Output file is already uptodate.

<images/sequenzdiagramm-eps-converted-to.pdf, id=276, 560.0925pt x 512.91624pt>
File: images/sequenzdiagramm-eps-converted-to.pdf Graphic file (type pdf)
<use images/sequenzdiagramm-eps-converted-to.pdf> [6

 <./images/sequenzdiagramm-eps-converted-to.pdf>] (./entwurf_vortrag.toc) [7

]
Package epstopdf Info: Source file: <images/e-puck_architecture.eps>
(epstopdf)                    date: 2010-11-05 12:04:33
(epstopdf)                    size: 51026 bytes
(epstopdf)             Output file: <images/e-puck_architecture-eps-converted-t
o.pdf>
(epstopdf)                    date: 2010-11-09 13:14:59
(epstopdf)                    size: 14514 bytes
(epstopdf)             Command: <epstopdf --outfile=images/e-puck_architecture-
eps-converted-to.pdf images/e-puck_architecture.eps>
(epstopdf)             \includegraphics on input line 123.
Package epstopdf Info: Output file is already uptodate.

<images/e-puck_architecture-eps-converted-to.pdf, id=370, 566.115pt x 288.07625
pt>
File: images/e-puck_architecture-eps-converted-to.pdf Graphic file (type pdf)
 <use images/e-puck_architecture-eps-converted-to.pdf> [8

 <./images/e-puck_architecture-eps-converted-to.pdf>]
Package epstopdf Info: Source file: <images/e-puck_architecture.eps>
(epstopdf)                    date: 2010-11-05 12:04:33
(epstopdf)                    size: 51026 bytes
(epstopdf)             Output file: <images/e-puck_architecture-eps-converted-t
o.pdf>
(epstopdf)                    date: 2010-11-09 13:14:59
(epstopdf)                    size: 14514 bytes
(epstopdf)             Command: <epstopdf --outfile=images/e-puck_architecture-
eps-converted-to.pdf images/e-puck_architecture.eps>
(epstopdf)             \includegraphics on input line 123.
Package epstopdf Info: Output file is already uptodate.
File: images/e-puck_architecture-eps-converted-to.pdf Graphic file (type pdf)

<use images/e-puck_architecture-eps-converted-to.pdf>
LaTeX Font Info:    Font shape `T1/phv/bx/n' in size <10.95> not available
(Font)              Font shape `T1/phv/b/n' tried instead on input line 123.
LaTeX Font Info:    Try loading font information for T1+pcr on input line 123.

(/usr/local/texlive/2009/texmf-dist/tex/latex/psnfss/t1pcr.fd
File: t1pcr.fd 2001/06/04 font definitions for T1/pcr.
) [9

]
Package epstopdf Info: Source file: <images/e-puck_architecture.eps>
(epstopdf)                    date: 2010-11-05 12:04:33
(epstopdf)                    size: 51026 bytes
(epstopdf)             Output file: <images/e-puck_architecture-eps-converted-t
o.pdf>
(epstopdf)                    date: 2010-11-09 13:14:59
(epstopdf)                    size: 14514 bytes
(epstopdf)             Command: <epstopdf --outfile=images/e-puck_architecture-
eps-converted-to.pdf images/e-puck_architecture.eps>
(epstopdf)             \includegraphics on input line 123.
Package epstopdf Info: Output file is already uptodate.
File: images/e-puck_architecture-eps-converted-to.pdf Graphic file (type pdf)

<use images/e-puck_architecture-eps-converted-to.pdf> [10

]
Package epstopdf Info: Source file: <images/e-puck_architecture.eps>
(epstopdf)                    date: 2010-11-05 12:04:33
(epstopdf)                    size: 51026 bytes
(epstopdf)             Output file: <images/e-puck_architecture-eps-converted-t
o.pdf>
(epstopdf)                    date: 2010-11-09 13:14:59
(epstopdf)                    size: 14514 bytes
(epstopdf)             Command: <epstopdf --outfile=images/e-puck_architecture-
eps-converted-to.pdf images/e-puck_architecture.eps>
(epstopdf)             \includegraphics on input line 123.
Package epstopdf Info: Output file is already uptodate.
File: images/e-puck_architecture-eps-converted-to.pdf Graphic file (type pdf)

<use images/e-puck_architecture-eps-converted-to.pdf> [11

]
Package epstopdf Info: Source file: <images/e-puck_architecture.eps>
(epstopdf)                    date: 2010-11-05 12:04:33
(epstopdf)                    size: 51026 bytes
(epstopdf)             Output file: <images/e-puck_architecture-eps-converted-t
o.pdf>
(epstopdf)                    date: 2010-11-09 13:14:59
(epstopdf)                    size: 14514 bytes
(epstopdf)             Command: <epstopdf --outfile=images/e-puck_architecture-
eps-converted-to.pdf images/e-puck_architecture.eps>
(epstopdf)             \includegraphics on input line 123.
Package epstopdf Info: Output file is already uptodate.
File: images/e-puck_architecture-eps-converted-to.pdf Graphic file (type pdf)

<use images/e-puck_architecture-eps-converted-to.pdf> [12

]
Package epstopdf Info: Source file: <images/e-puck_architecture.eps>
(epstopdf)                    date: 2010-11-05 12:04:33
(epstopdf)                    size: 51026 bytes
(epstopdf)             Output file: <images/e-puck_architecture-eps-converted-t
o.pdf>
(epstopdf)                    date: 2010-11-09 13:14:59
(epstopdf)                    size: 14514 bytes
(epstopdf)             Command: <epstopdf --outfile=images/e-puck_architecture-
eps-converted-to.pdf images/e-puck_architecture.eps>
(epstopdf)             \includegraphics on input line 123.
Package epstopdf Info: Output file is already uptodate.
File: images/e-puck_architecture-eps-converted-to.pdf Graphic file (type pdf)

<use images/e-puck_architecture-eps-converted-to.pdf> [13

]
Package epstopdf Info: Source file: <images/e-puck_architecture.eps>
(epstopdf)                    date: 2010-11-05 12:04:33
(epstopdf)                    size: 51026 bytes
(epstopdf)             Output file: <images/e-puck_architecture-eps-converted-t
o.pdf>
(epstopdf)                    date: 2010-11-09 13:14:59
(epstopdf)                    size: 14514 bytes
(epstopdf)             Command: <epstopdf --outfile=images/e-puck_architecture-
eps-converted-to.pdf images/e-puck_architecture.eps>
(epstopdf)             \includegraphics on input line 123.
Package epstopdf Info: Output file is already uptodate.
File: images/e-puck_architecture-eps-converted-to.pdf Graphic file (type pdf)

<use images/e-puck_architecture-eps-converted-to.pdf> [14

]
Package epstopdf Info: Source file: <images/e-puck_architecture.eps>
(epstopdf)                    date: 2010-11-05 12:04:33
(epstopdf)                    size: 51026 bytes
(epstopdf)             Output file: <images/e-puck_architecture-eps-converted-t
o.pdf>
(epstopdf)                    date: 2010-11-09 13:14:59
(epstopdf)                    size: 14514 bytes
(epstopdf)             Command: <epstopdf --outfile=images/e-puck_architecture-
eps-converted-to.pdf images/e-puck_architecture.eps>
(epstopdf)             \includegraphics on input line 123.
Package epstopdf Info: Output file is already uptodate.
File: images/e-puck_architecture-eps-converted-to.pdf Graphic file (type pdf)

<use images/e-puck_architecture-eps-converted-to.pdf> [15

]
Package epstopdf Info: Source file: <images/e-puck_architecture.eps>
(epstopdf)                    date: 2010-11-05 12:04:33
(epstopdf)                    size: 51026 bytes
(epstopdf)             Output file: <images/e-puck_architecture-eps-converted-t
o.pdf>
(epstopdf)                    date: 2010-11-09 13:14:59
(epstopdf)                    size: 14514 bytes
(epstopdf)             Command: <epstopdf --outfile=images/e-puck_architecture-
eps-converted-to.pdf images/e-puck_architecture.eps>
(epstopdf)             \includegraphics on input line 123.
Package epstopdf Info: Output file is already uptodate.
File: images/e-puck_architecture-eps-converted-to.pdf Graphic file (type pdf)

<use images/e-puck_architecture-eps-converted-to.pdf> [16

]
Package epstopdf Info: Source file: <images/e-puck_architecture.eps>
(epstopdf)                    date: 2010-11-05 12:04:33
(epstopdf)                    size: 51026 bytes
(epstopdf)             Output file: <images/e-puck_architecture-eps-converted-t
o.pdf>
(epstopdf)                    date: 2010-11-09 13:14:59
(epstopdf)                    size: 14514 bytes
(epstopdf)             Command: <epstopdf --outfile=images/e-puck_architecture-
eps-converted-to.pdf images/e-puck_architecture.eps>
(epstopdf)             \includegraphics on input line 123.
Package epstopdf Info: Output file is already uptodate.
File: images/e-puck_architecture-eps-converted-to.pdf Graphic file (type pdf)

<use images/e-puck_architecture-eps-converted-to.pdf> [17

]
Package epstopdf Info: Source file: <images/e-puck_architecture.eps>
(epstopdf)                    date: 2010-11-05 12:04:33
(epstopdf)                    size: 51026 bytes
(epstopdf)             Output file: <images/e-puck_architecture-eps-converted-t
o.pdf>
(epstopdf)                    date: 2010-11-09 13:14:59
(epstopdf)                    size: 14514 bytes
(epstopdf)             Command: <epstopdf --outfile=images/e-puck_architecture-
eps-converted-to.pdf images/e-puck_architecture.eps>
(epstopdf)             \includegraphics on input line 123.
Package epstopdf Info: Output file is already uptodate.
File: images/e-puck_architecture-eps-converted-to.pdf Graphic file (type pdf)

<use images/e-puck_architecture-eps-converted-to.pdf> [18

]
(./entwurf_vortrag.toc) [19

]
Package epstopdf Info: Source file: <images/subsumption.eps>
(epstopdf)                    date: 2010-11-04 20:39:25
(epstopdf)                    size: 49413 bytes
(epstopdf)             Output file: <images/subsumption-eps-converted-to.pdf>
(epstopdf)                    date: 2010-11-10 10:19:42
(epstopdf)                    size: 13823 bytes
(epstopdf)             Command: <epstopdf --outfile=images/subsumption-eps-conv
erted-to.pdf images/subsumption.eps>
(epstopdf)             \includegraphics on input line 143.
Package epstopdf Info: Output file is already uptodate.

<images/subsumption-eps-converted-to.pdf, id=775, 364.36125pt x 246.9225pt>
File: images/subsumption-eps-converted-to.pdf Graphic file (type pdf)

<use images/subsumption-eps-converted-to.pdf> [20

 <./images/subsumption-eps-converted-to.pdf>]
Package epstopdf Info: Source file: <images/subsumption.eps>
(epstopdf)                    date: 2010-11-04 20:39:25
(epstopdf)                    size: 49413 bytes
(epstopdf)             Output file: <images/subsumption-eps-converted-to.pdf>
(epstopdf)                    date: 2010-11-10 10:19:42
(epstopdf)                    size: 13823 bytes
(epstopdf)             Command: <epstopdf --outfile=images/subsumption-eps-conv
erted-to.pdf images/subsumption.eps>
(epstopdf)             \includegraphics on input line 143.
Package epstopdf Info: Output file is already uptodate.
File: images/subsumption-eps-converted-to.pdf Graphic file (type pdf)
 <use images/subsumption-eps-converted-to.pdf> [21

]
Package epstopdf Info: Source file: <images/subsumption.eps>
(epstopdf)                    date: 2010-11-04 20:39:25
(epstopdf)                    size: 49413 bytes
(epstopdf)             Output file: <images/subsumption-eps-converted-to.pdf>
(epstopdf)                    date: 2010-11-10 10:19:42
(epstopdf)                    size: 13823 bytes
(epstopdf)             Command: <epstopdf --outfile=images/subsumption-eps-conv
erted-to.pdf images/subsumption.eps>
(epstopdf)             \includegraphics on input line 143.
Package epstopdf Info: Output file is already uptodate.
File: images/subsumption-eps-converted-to.pdf Graphic file (type pdf)

<use images/subsumption-eps-converted-to.pdf> [22

]
Package epstopdf Info: Source file: <images/subsumption.eps>
(epstopdf)                    date: 2010-11-04 20:39:25
(epstopdf)                    size: 49413 bytes
(epstopdf)             Output file: <images/subsumption-eps-converted-to.pdf>
(epstopdf)                    date: 2010-11-10 10:19:42
(epstopdf)                    size: 13823 bytes
(epstopdf)             Command: <epstopdf --outfile=images/subsumption-eps-conv
erted-to.pdf images/subsumption.eps>
(epstopdf)             \includegraphics on input line 143.
Package epstopdf Info: Output file is already uptodate.
File: images/subsumption-eps-converted-to.pdf Graphic file (type pdf)

<use images/subsumption-eps-converted-to.pdf> [23

]
Package epstopdf Info: Source file: <images/subsumption.eps>
(epstopdf)                    date: 2010-11-04 20:39:25
(epstopdf)                    size: 49413 bytes
(epstopdf)             Output file: <images/subsumption-eps-converted-to.pdf>
(epstopdf)                    date: 2010-11-10 10:19:42
(epstopdf)                    size: 13823 bytes
(epstopdf)             Command: <epstopdf --outfile=images/subsumption-eps-conv
erted-to.pdf images/subsumption.eps>
(epstopdf)             \includegraphics on input line 143.
Package epstopdf Info: Output file is already uptodate.
File: images/subsumption-eps-converted-to.pdf Graphic file (type pdf)

<use images/subsumption-eps-converted-to.pdf> [24

]
Package epstopdf Info: Source file: <images/subsumption.eps>
(epstopdf)                    date: 2010-11-04 20:39:25
(epstopdf)                    size: 49413 bytes
(epstopdf)             Output file: <images/subsumption-eps-converted-to.pdf>
(epstopdf)                    date: 2010-11-10 10:19:42
(epstopdf)                    size: 13823 bytes
(epstopdf)             Command: <epstopdf --outfile=images/subsumption-eps-conv
erted-to.pdf images/subsumption.eps>
(epstopdf)             \includegraphics on input line 143.
Package epstopdf Info: Output file is already uptodate.
File: images/subsumption-eps-converted-to.pdf Graphic file (type pdf)

<use images/subsumption-eps-converted-to.pdf> [25

]
Package epstopdf Info: Source file: <images/subsumption.eps>
(epstopdf)                    date: 2010-11-04 20:39:25
(epstopdf)                    size: 49413 bytes
(epstopdf)             Output file: <images/subsumption-eps-converted-to.pdf>
(epstopdf)                    date: 2010-11-10 10:19:42
(epstopdf)                    size: 13823 bytes
(epstopdf)             Command: <epstopdf --outfile=images/subsumption-eps-conv
erted-to.pdf images/subsumption.eps>
(epstopdf)             \includegraphics on input line 143.
Package epstopdf Info: Output file is already uptodate.
File: images/subsumption-eps-converted-to.pdf Graphic file (type pdf)

<use images/subsumption-eps-converted-to.pdf> [26

] (./entwurf_vortrag.toc)
[27

]
LaTeX Font Info:    Try loading font information for U+msa on input line 154.
 (/usr/local/texlive/2009/texmf-dist/tex/latex/amsfonts/umsa.fd
File: umsa.fd 2009/06/22 v3.00 AMS symbols A
)
LaTeX Font Info:    Try loading font information for U+msb on input line 154.

(/usr/local/texlive/2009/texmf-dist/tex/latex/amsfonts/umsb.fd
File: umsb.fd 2009/06/22 v3.00 AMS symbols B
)
LaTeX Font Info:    Font shape `T1/phv/m/it' in size <20.74> not available
(Font)              Font shape `T1/phv/m/sl' tried instead on input line 154.
LaTeX Font Info:    Font shape `T1/phv/m/it' in size <14.4> not available
(Font)              Font shape `T1/phv/m/sl' tried instead on input line 154.
LaTeX Font Info:    Font shape `T1/phv/m/it' in size <12> not available
(Font)              Font shape `T1/phv/m/sl' tried instead on input line 154.
 [28

]
(./entwurf_vortrag.toc) [29

]
Package epstopdf Info: Source file: <images/android_mvc.eps>
(epstopdf)                    date: 2010-11-09 19:11:18
(epstopdf)                    size: 339624 bytes
(epstopdf)             Output file: <images/android_mvc-eps-converted-to.pdf>
(epstopdf)                    date: 2010-11-10 11:30:32
(epstopdf)                    size: 73999 bytes
(epstopdf)             Command: <epstopdf --outfile=images/android_mvc-eps-conv
erted-to.pdf images/android_mvc.eps>
(epstopdf)             \includegraphics on input line 162.
Package epstopdf Info: Output file is already uptodate.

<images/android_mvc-eps-converted-to.pdf, id=1125, 515.9275pt x 443.6575pt>
File: images/android_mvc-eps-converted-to.pdf Graphic file (type pdf)

<use images/android_mvc-eps-converted-to.pdf> [30

 <./images/android_mvc-eps-converted-to.pdf>]
Package epstopdf Info: Source file: <images/sequenzdiagramm_environment.eps>
(epstopdf)                    date: 2010-11-11 12:46:26
(epstopdf)                    size: 89022 bytes
(epstopdf)             Output file: <images/sequenzdiagramm_environment-eps-con
verted-to.pdf>
(epstopdf)                    date: 2010-11-11 13:01:34
(epstopdf)                    size: 22775 bytes
(epstopdf)             Command: <epstopdf --outfile=images/sequenzdiagramm_envi
ronment-eps-converted-to.pdf images/sequenzdiagramm_environment.eps>
(epstopdf)             \includegraphics on input line 169.
Package epstopdf Info: Output file is already uptodate.

<images/sequenzdiagramm_environment-eps-converted-to.pdf, id=1186, 556.0775pt x
 502.87875pt>
File: images/sequenzdiagramm_environment-eps-converted-to.pdf Graphic file (typ
e pdf)
 <use images/sequenzdiagramm_environment-eps-converted-to.pdf>
[31

 <./images/sequenzdiagramm_environment-eps-converted-to.pdf>]
Package epstopdf Info: Source file: <images/android_handler.eps>
(epstopdf)                    date: 2010-11-11 13:16:14
(epstopdf)                    size: 82549 bytes
(epstopdf)             Output file: <images/android_handler-eps-converted-to.pd
f>
(epstopdf)                    date: 2010-11-11 13:31:00
(epstopdf)                    size: 21636 bytes
(epstopdf)             Command: <epstopdf --outfile=images/android_handler-eps-
converted-to.pdf images/android_handler.eps>
(epstopdf)             \includegraphics on input line 176.
Package epstopdf Info: Output file is already uptodate.

<images/android_handler-eps-converted-to.pdf, id=1233, 505.89pt x 320.19624pt>
File: images/android_handler-eps-converted-to.pdf Graphic file (type pdf)

<use images/android_handler-eps-converted-to.pdf> [32

 <./images/android_handler-eps-converted-to.pdf>]
Package epstopdf Info: Source file: <images/erkundung_schichten.eps>
(epstopdf)                    date: 2010-11-11 13:30:27
(epstopdf)                    size: 36753 bytes
(epstopdf)             Output file: <images/erkundung_schichten-eps-converted-t
o.pdf>
(epstopdf)                    date: 2010-11-11 13:31:02
(epstopdf)                    size: 10298 bytes
(epstopdf)             Command: <epstopdf --outfile=images/erkundung_schichten-
eps-converted-to.pdf images/erkundung_schichten.eps>
(epstopdf)             \includegraphics on input line 203.
Package epstopdf Info: Output file is already uptodate.

<images/erkundung_schichten-eps-converted-to.pdf, id=1279, 371.3875pt x 372.391
25pt>
File: images/erkundung_schichten-eps-converted-to.pdf Graphic file (type pdf)
 <use images/erkundung_schichten-eps-converted-to.pdf> [33

 <./images/erkundung_schichten-eps-converted-to.pdf>]
Package epstopdf Info: Source file: <images/norm.eps>
(epstopdf)                    date: 2010-10-28 19:40:33
(epstopdf)                    size: 126150 bytes
(epstopdf)             Output file: <images/norm-eps-converted-to.pdf>
(epstopdf)                    date: 2010-11-11 13:36:17
(epstopdf)                    size: 24039 bytes
(epstopdf)             Command: <epstopdf --outfile=images/norm-eps-converted-t
o.pdf images/norm.eps>
(epstopdf)             \includegraphics on input line 203.
Package epstopdf Info: Output file is already uptodate.

<images/norm-eps-converted-to.pdf, id=1322, 254.9525pt x 252.945pt>
File: images/norm-eps-converted-to.pdf Graphic file (type pdf)

<use images/norm-eps-converted-to.pdf> [34

 <./images/norm-eps-converted-to.pdf>]
Package epstopdf Info: Source file: <images/eingeschlossen.eps>
(epstopdf)                    date: 2010-10-29 10:29:17
(epstopdf)                    size: 134061 bytes
(epstopdf)             Output file: <images/eingeschlossen-eps-converted-to.pdf
>
(epstopdf)                    date: 2010-11-11 13:36:51
(epstopdf)                    size: 23973 bytes
(epstopdf)             Command: <epstopdf --outfile=images/eingeschlossen-eps-c
onverted-to.pdf images/eingeschlossen.eps>
(epstopdf)             \includegraphics on input line 203.
Package epstopdf Info: Output file is already uptodate.

<images/eingeschlossen-eps-converted-to.pdf, id=1367, 254.9525pt x 222.8325pt>
File: images/eingeschlossen-eps-converted-to.pdf Graphic file (type pdf)

<use images/eingeschlossen-eps-converted-to.pdf> [35

 <./images/eingeschlossen-eps-converted-to.pdf>]
Package epstopdf Info: Source file: <images/kooperation.eps>
(epstopdf)                    date: 2010-10-29 09:40:33
(epstopdf)                    size: 171617 bytes
(epstopdf)             Output file: <images/kooperation-eps-converted-to.pdf>
(epstopdf)                    date: 2010-11-11 13:37:25
(epstopdf)                    size: 34365 bytes
(epstopdf)             Command: <epstopdf --outfile=images/kooperation-eps-conv
erted-to.pdf images/kooperation.eps>
(epstopdf)             \includegraphics on input line 203.
Package epstopdf Info: Output file is already uptodate.

<images/kooperation-eps-converted-to.pdf, id=1411, 259.97125pt x 251.94125pt>
File: images/kooperation-eps-converted-to.pdf Graphic file (type pdf)

<use images/kooperation-eps-converted-to.pdf> [36

 <./images/kooperation-eps-converted-to.pdf>]
Package epstopdf Info: Source file: <images/map.eps>
(epstopdf)                    date: 2010-11-11 14:10:33
(epstopdf)                    size: 39243 bytes
(epstopdf)             Output file: <images/map-eps-converted-to.pdf>
(epstopdf)                    date: 2010-11-11 14:11:10
(epstopdf)                    size: 17994 bytes
(epstopdf)             Command: <epstopdf --outfile=images/map-eps-converted-to
.pdf images/map.eps>
(epstopdf)             \includegraphics on input line 210.
Package epstopdf Info: Output file is already uptodate.

<images/map-eps-converted-to.pdf, id=1460, 787.94376pt x 541.02126pt>
File: images/map-eps-converted-to.pdf Graphic file (type pdf)

<use images/map-eps-converted-to.pdf>
Overfull \hbox (24.22136pt too wide) in paragraph at lines 210--210
 [] 
 []


Overfull \vbox (35.33849pt too high) detected at line 210
 []

[37

 <./images/map-eps-converted-to.pdf>] [38

]
Package epstopdf Info: Source file: <images/sensorgrafik.eps>
(epstopdf)                    date: 2010-10-31 21:48:18
(epstopdf)                    size: 11956 bytes
(epstopdf)             Output file: <images/sensorgrafik-eps-converted-to.pdf>
(epstopdf)                    date: 2010-11-10 10:11:17
(epstopdf)                    size: 7485 bytes
(epstopdf)             Command: <epstopdf --outfile=images/sensorgrafik-eps-con
verted-to.pdf images/sensorgrafik.eps>
(epstopdf)             \includegraphics on input line 223.
Package epstopdf Info: Output file is already uptodate.

<images/sensorgrafik-eps-converted-to.pdf, id=1524, 1265.72874pt x 715.67375pt>
File: images/sensorgrafik-eps-converted-to.pdf Graphic file (type pdf)
<use images/sensorgrafik-eps-converted-to.pdf>
Overfull \hbox (44.94865pt too wide) in paragraph at lines 223--223
 [] 
 []


Overfull \vbox (6.88573pt too high) detected at line 223
 []

[39

 <./images/sensorgrafik-eps-converted-to.pdf>]
\tf@nav=\write5
\openout5 = `entwurf_vortrag.nav'.

\tf@toc=\write6
\openout6 = `entwurf_vortrag.toc'.

\tf@snm=\write7
\openout7 = `entwurf_vortrag.snm'.

 (./entwurf_vortrag.aux) ) 
Here is how much of TeX's memory you used:
 15357 strings out of 493848
 269269 string characters out of 3149208
 355345 words of memory out of 3000000
 18086 multiletter control sequences out of 15000+200000
 42288 words of font info for 58 fonts, out of 3000000 for 9000
 714 hyphenation exceptions out of 8191
 45i,16n,52p,323b,681s stack positions out of 5000i,500n,10000p,200000b,50000s
{/usr/local/texlive/2009/texmf-dist/fonts/enc/dvips/b
ase/8r.enc}</usr/local/texlive/2009/texmf-dist/fonts/type1/public/amsfonts/cm/c
msy10.pfb></usr/local/texlive/2009/texmf-dist/fonts/type1/urw/courier/ucrr8a.pf
b></usr/local/texlive/2009/texmf-dist/fonts/type1/urw/helvetic/uhvb8a.pfb></usr
/local/texlive/2009/texmf-dist/fonts/type1/urw/helvetic/uhvr8a.pfb>
Output written on entwurf_vortrag.pdf (39 pages, 681355 bytes).
PDF statistics:
 1597 PDF objects out of 1728 (max. 8388607)
 89 named destinations out of 1000 (max. 500000)
 214 words of extra memory for PDF output out of 10000 (max. 10000000)

