\BOOKMARK [1][-]{section.1}{Zielbestimmung}{}
\BOOKMARK [2][-]{subsection.1.1}{Musskriterien}{section.1}
\BOOKMARK [2][-]{subsection.1.2}{Wunschkriterien}{section.1}
\BOOKMARK [2][-]{subsection.1.3}{Abgrenzungskriterien}{section.1}
\BOOKMARK [1][-]{section.2}{Produkteinsatz}{}
\BOOKMARK [2][-]{subsection.2.1}{Anwendungsbereiche}{section.2}
\BOOKMARK [2][-]{subsection.2.2}{Zielgruppen}{section.2}
\BOOKMARK [2][-]{subsection.2.3}{Betriebsbedingungen}{section.2}
\BOOKMARK [1][-]{section.3}{Produktumgebung}{}
\BOOKMARK [2][-]{subsection.3.1}{Software}{section.3}
\BOOKMARK [2][-]{subsection.3.2}{Hardware}{section.3}
\BOOKMARK [2][-]{subsection.3.3}{Orgware}{section.3}
\BOOKMARK [1][-]{section.4}{Produktfunktionen}{}
\BOOKMARK [2][-]{subsection.4.1}{e-puck Roboter}{section.4}
\BOOKMARK [3][-]{subsubsection.4.1.1}{Netzwerkfunktionen}{subsection.4.1}
\BOOKMARK [3][-]{subsubsection.4.1.2}{Bewegungsfunktionen}{subsection.4.1}
\BOOKMARK [3][-]{subsubsection.4.1.3}{Erkundungsfunktionen}{subsection.4.1}
\BOOKMARK [3][-]{subsubsection.4.1.4}{Allgemeine Funktionen}{subsection.4.1}
\BOOKMARK [2][-]{subsection.4.2}{Smartphone}{section.4}
\BOOKMARK [3][-]{subsubsection.4.2.1}{Netzwerkfunktionen}{subsection.4.2}
\BOOKMARK [3][-]{subsubsection.4.2.2}{Erweiterte Funktionen}{subsection.4.2}
\BOOKMARK [3][-]{subsubsection.4.2.3}{Steuerungsfunktionen}{subsection.4.2}
\BOOKMARK [3][-]{subsubsection.4.2.4}{Funktionen der grafischen Benutzeroberfl\344che}{subsection.4.2}
\BOOKMARK [1][-]{section.5}{Produktdaten}{}
\BOOKMARK [1][-]{section.6}{Produktleistungen}{}
\BOOKMARK [1][-]{section.7}{Benutzungsoberfl\344che}{}
\BOOKMARK [2][-]{subsection.7.1}{Dialogstruktur}{section.7}
\BOOKMARK [2][-]{subsection.7.2}{Dialog 'e-puck-Auswahl'}{section.7}
\BOOKMARK [2][-]{subsection.7.3}{Dialog `Karte'}{section.7}
\BOOKMARK [2][-]{subsection.7.4}{Dialog `Steuerung'}{section.7}
\BOOKMARK [2][-]{subsection.7.5}{Dialog `Statistik'}{section.7}
\BOOKMARK [1][-]{section.8}{Qualit\344tsbestimmungen}{}
\BOOKMARK [2][-]{subsection.8.1}{e-puck Roboter}{section.8}
\BOOKMARK [2][-]{subsection.8.2}{Smartphone}{section.8}
\BOOKMARK [1][-]{section.9}{Globale Testszenarien und Testf\344lle}{}
