This is pdfTeX, Version 3.1415926-1.40.10 (MiKTeX 2.8) (preloaded format=pdflatex 2010.10.26)  27 OCT 2010 15:29
entering extended mode
**C:/Users/Florian/Desktop/SEP/trunk/pflichtenheft/pflichtenheft.tex
(C:/Users/Florian/Desktop/SEP/trunk/pflichtenheft/pflichtenheft.tex
LaTeX2e <2009/09/24>
Babel <v3.8l> and hyphenation patterns for english, dumylang, nohyphenation, ge
rman, ngerman, german-x-2009-06-19, ngerman-x-2009-06-19, french, loaded.
("C:\Program Files\MiKTeX 2.8\tex\latex\base\article.cls"
Document Class: article 2007/10/19 v1.4h Standard LaTeX document class
("C:\Program Files\MiKTeX 2.8\tex\latex\base\size10.clo"
File: size10.clo 2007/10/19 v1.4h Standard LaTeX file (size option)
)
\c@part=\count79
\c@section=\count80
\c@subsection=\count81
\c@subsubsection=\count82
\c@paragraph=\count83
\c@subparagraph=\count84
\c@figure=\count85
\c@table=\count86
\abovecaptionskip=\skip41
\belowcaptionskip=\skip42
\bibindent=\dimen102
)
("C:\Program Files\MiKTeX 2.8\tex\latex\base\inputenc.sty"
Package: inputenc 2008/03/30 v1.1d Input encoding file
\inpenc@prehook=\toks14
\inpenc@posthook=\toks15

("C:\Program Files\MiKTeX 2.8\tex\latex\base\utf8.def"
File: utf8.def 2008/04/05 v1.1m UTF-8 support for inputenc
Now handling font encoding OML ...
... no UTF-8 mapping file for font encoding OML
Now handling font encoding T1 ...
... processing UTF-8 mapping file for font encoding T1

("C:\Program Files\MiKTeX 2.8\tex\latex\base\t1enc.dfu"
File: t1enc.dfu 2008/04/05 v1.1m UTF-8 support for inputenc
   defining Unicode char U+00A1 (decimal 161)
   defining Unicode char U+00A3 (decimal 163)
   defining Unicode char U+00AB (decimal 171)
   defining Unicode char U+00BB (decimal 187)
   defining Unicode char U+00BF (decimal 191)
   defining Unicode char U+00C0 (decimal 192)
   defining Unicode char U+00C1 (decimal 193)
   defining Unicode char U+00C2 (decimal 194)
   defining Unicode char U+00C3 (decimal 195)
   defining Unicode char U+00C4 (decimal 196)
   defining Unicode char U+00C5 (decimal 197)
   defining Unicode char U+00C6 (decimal 198)
   defining Unicode char U+00C7 (decimal 199)
   defining Unicode char U+00C8 (decimal 200)
   defining Unicode char U+00C9 (decimal 201)
   defining Unicode char U+00CA (decimal 202)
   defining Unicode char U+00CB (decimal 203)
   defining Unicode char U+00CC (decimal 204)
   defining Unicode char U+00CD (decimal 205)
   defining Unicode char U+00CE (decimal 206)
   defining Unicode char U+00CF (decimal 207)
   defining Unicode char U+00D0 (decimal 208)
   defining Unicode char U+00D1 (decimal 209)
   defining Unicode char U+00D2 (decimal 210)
   defining Unicode char U+00D3 (decimal 211)
   defining Unicode char U+00D4 (decimal 212)
   defining Unicode char U+00D5 (decimal 213)
   defining Unicode char U+00D6 (decimal 214)
   defining Unicode char U+00D8 (decimal 216)
   defining Unicode char U+00D9 (decimal 217)
   defining Unicode char U+00DA (decimal 218)
   defining Unicode char U+00DB (decimal 219)
   defining Unicode char U+00DC (decimal 220)
   defining Unicode char U+00DD (decimal 221)
   defining Unicode char U+00DE (decimal 222)
   defining Unicode char U+00DF (decimal 223)
   defining Unicode char U+00E0 (decimal 224)
   defining Unicode char U+00E1 (decimal 225)
   defining Unicode char U+00E2 (decimal 226)
   defining Unicode char U+00E3 (decimal 227)
   defining Unicode char U+00E4 (decimal 228)
   defining Unicode char U+00E5 (decimal 229)
   defining Unicode char U+00E6 (decimal 230)
   defining Unicode char U+00E7 (decimal 231)
   defining Unicode char U+00E8 (decimal 232)
   defining Unicode char U+00E9 (decimal 233)
   defining Unicode char U+00EA (decimal 234)
   defining Unicode char U+00EB (decimal 235)
   defining Unicode char U+00EC (decimal 236)
   defining Unicode char U+00ED (decimal 237)
   defining Unicode char U+00EE (decimal 238)
   defining Unicode char U+00EF (decimal 239)
   defining Unicode char U+00F0 (decimal 240)
   defining Unicode char U+00F1 (decimal 241)
   defining Unicode char U+00F2 (decimal 242)
   defining Unicode char U+00F3 (decimal 243)
   defining Unicode char U+00F4 (decimal 244)
   defining Unicode char U+00F5 (decimal 245)
   defining Unicode char U+00F6 (decimal 246)
   defining Unicode char U+00F8 (decimal 248)
   defining Unicode char U+00F9 (decimal 249)
   defining Unicode char U+00FA (decimal 250)
   defining Unicode char U+00FB (decimal 251)
   defining Unicode char U+00FC (decimal 252)
   defining Unicode char U+00FD (decimal 253)
   defining Unicode char U+00FE (decimal 254)
   defining Unicode char U+00FF (decimal 255)
   defining Unicode char U+0102 (decimal 258)
   defining Unicode char U+0103 (decimal 259)
   defining Unicode char U+0104 (decimal 260)
   defining Unicode char U+0105 (decimal 261)
   defining Unicode char U+0106 (decimal 262)
   defining Unicode char U+0107 (decimal 263)
   defining Unicode char U+010C (decimal 268)
   defining Unicode char U+010D (decimal 269)
   defining Unicode char U+010E (decimal 270)
   defining Unicode char U+010F (decimal 271)
   defining Unicode char U+0110 (decimal 272)
   defining Unicode char U+0111 (decimal 273)
   defining Unicode char U+0118 (decimal 280)
   defining Unicode char U+0119 (decimal 281)
   defining Unicode char U+011A (decimal 282)
   defining Unicode char U+011B (decimal 283)
   defining Unicode char U+011E (decimal 286)
   defining Unicode char U+011F (decimal 287)
   defining Unicode char U+0130 (decimal 304)
   defining Unicode char U+0131 (decimal 305)
   defining Unicode char U+0132 (decimal 306)
   defining Unicode char U+0133 (decimal 307)
   defining Unicode char U+0139 (decimal 313)
   defining Unicode char U+013A (decimal 314)
   defining Unicode char U+013D (decimal 317)
   defining Unicode char U+013E (decimal 318)
   defining Unicode char U+0141 (decimal 321)
   defining Unicode char U+0142 (decimal 322)
   defining Unicode char U+0143 (decimal 323)
   defining Unicode char U+0144 (decimal 324)
   defining Unicode char U+0147 (decimal 327)
   defining Unicode char U+0148 (decimal 328)
   defining Unicode char U+014A (decimal 330)
   defining Unicode char U+014B (decimal 331)
   defining Unicode char U+0150 (decimal 336)
   defining Unicode char U+0151 (decimal 337)
   defining Unicode char U+0152 (decimal 338)
   defining Unicode char U+0153 (decimal 339)
   defining Unicode char U+0154 (decimal 340)
   defining Unicode char U+0155 (decimal 341)
   defining Unicode char U+0158 (decimal 344)
   defining Unicode char U+0159 (decimal 345)
   defining Unicode char U+015A (decimal 346)
   defining Unicode char U+015B (decimal 347)
   defining Unicode char U+015E (decimal 350)
   defining Unicode char U+015F (decimal 351)
   defining Unicode char U+0160 (decimal 352)
   defining Unicode char U+0161 (decimal 353)
   defining Unicode char U+0162 (decimal 354)
   defining Unicode char U+0163 (decimal 355)
   defining Unicode char U+0164 (decimal 356)
   defining Unicode char U+0165 (decimal 357)
   defining Unicode char U+016E (decimal 366)
   defining Unicode char U+016F (decimal 367)
   defining Unicode char U+0170 (decimal 368)
   defining Unicode char U+0171 (decimal 369)
   defining Unicode char U+0178 (decimal 376)
   defining Unicode char U+0179 (decimal 377)
   defining Unicode char U+017A (decimal 378)
   defining Unicode char U+017B (decimal 379)
   defining Unicode char U+017C (decimal 380)
   defining Unicode char U+017D (decimal 381)
   defining Unicode char U+017E (decimal 382)
   defining Unicode char U+200C (decimal 8204)
   defining Unicode char U+2013 (decimal 8211)
   defining Unicode char U+2014 (decimal 8212)
   defining Unicode char U+2018 (decimal 8216)
   defining Unicode char U+2019 (decimal 8217)
   defining Unicode char U+201A (decimal 8218)
   defining Unicode char U+201C (decimal 8220)
   defining Unicode char U+201D (decimal 8221)
   defining Unicode char U+201E (decimal 8222)
   defining Unicode char U+2030 (decimal 8240)
   defining Unicode char U+2031 (decimal 8241)
   defining Unicode char U+2039 (decimal 8249)
   defining Unicode char U+203A (decimal 8250)
   defining Unicode char U+2423 (decimal 9251)
)
Now handling font encoding OT1 ...
... processing UTF-8 mapping file for font encoding OT1

("C:\Program Files\MiKTeX 2.8\tex\latex\base\ot1enc.dfu"
File: ot1enc.dfu 2008/04/05 v1.1m UTF-8 support for inputenc
   defining Unicode char U+00A1 (decimal 161)
   defining Unicode char U+00A3 (decimal 163)
   defining Unicode char U+00B8 (decimal 184)
   defining Unicode char U+00BF (decimal 191)
   defining Unicode char U+00C5 (decimal 197)
   defining Unicode char U+00C6 (decimal 198)
   defining Unicode char U+00D8 (decimal 216)
   defining Unicode char U+00DF (decimal 223)
   defining Unicode char U+00E6 (decimal 230)
   defining Unicode char U+00EC (decimal 236)
   defining Unicode char U+00ED (decimal 237)
   defining Unicode char U+00EE (decimal 238)
   defining Unicode char U+00EF (decimal 239)
   defining Unicode char U+00F8 (decimal 248)
   defining Unicode char U+0131 (decimal 305)
   defining Unicode char U+0141 (decimal 321)
   defining Unicode char U+0142 (decimal 322)
   defining Unicode char U+0152 (decimal 338)
   defining Unicode char U+0153 (decimal 339)
   defining Unicode char U+2013 (decimal 8211)
   defining Unicode char U+2014 (decimal 8212)
   defining Unicode char U+2018 (decimal 8216)
   defining Unicode char U+2019 (decimal 8217)
   defining Unicode char U+201C (decimal 8220)
   defining Unicode char U+201D (decimal 8221)
)
Now handling font encoding OMS ...
... processing UTF-8 mapping file for font encoding OMS

("C:\Program Files\MiKTeX 2.8\tex\latex\base\omsenc.dfu"
File: omsenc.dfu 2008/04/05 v1.1m UTF-8 support for inputenc
   defining Unicode char U+00A7 (decimal 167)
   defining Unicode char U+00B6 (decimal 182)
   defining Unicode char U+00B7 (decimal 183)
   defining Unicode char U+2020 (decimal 8224)
   defining Unicode char U+2021 (decimal 8225)
   defining Unicode char U+2022 (decimal 8226)
)
Now handling font encoding OMX ...
... no UTF-8 mapping file for font encoding OMX
Now handling font encoding U ...
... no UTF-8 mapping file for font encoding U
   defining Unicode char U+00A9 (decimal 169)
   defining Unicode char U+00AA (decimal 170)
   defining Unicode char U+00AE (decimal 174)
   defining Unicode char U+00BA (decimal 186)
   defining Unicode char U+02C6 (decimal 710)
   defining Unicode char U+02DC (decimal 732)
   defining Unicode char U+200C (decimal 8204)
   defining Unicode char U+2026 (decimal 8230)
   defining Unicode char U+2122 (decimal 8482)
   defining Unicode char U+2423 (decimal 9251)
))
("C:\Program Files\MiKTeX 2.8\tex\latex\ams\math\amsmath.sty"
Package: amsmath 2000/07/18 v2.13 AMS math features
\@mathmargin=\skip43

For additional information on amsmath, use the `?' option.
("C:\Program Files\MiKTeX 2.8\tex\latex\ams\math\amstext.sty"
Package: amstext 2000/06/29 v2.01

("C:\Program Files\MiKTeX 2.8\tex\latex\ams\math\amsgen.sty"
File: amsgen.sty 1999/11/30 v2.0
\@emptytoks=\toks16
\ex@=\dimen103
))
("C:\Program Files\MiKTeX 2.8\tex\latex\ams\math\amsbsy.sty"
Package: amsbsy 1999/11/29 v1.2d
\pmbraise@=\dimen104
)
("C:\Program Files\MiKTeX 2.8\tex\latex\ams\math\amsopn.sty"
Package: amsopn 1999/12/14 v2.01 operator names
)
\inf@bad=\count87
LaTeX Info: Redefining \frac on input line 211.
\uproot@=\count88
\leftroot@=\count89
LaTeX Info: Redefining \overline on input line 307.
\classnum@=\count90
\DOTSCASE@=\count91
LaTeX Info: Redefining \ldots on input line 379.
LaTeX Info: Redefining \dots on input line 382.
LaTeX Info: Redefining \cdots on input line 467.
\Mathstrutbox@=\box26
\strutbox@=\box27
\big@size=\dimen105
LaTeX Font Info:    Redeclaring font encoding OML on input line 567.
LaTeX Font Info:    Redeclaring font encoding OMS on input line 568.
\macc@depth=\count92
\c@MaxMatrixCols=\count93
\dotsspace@=\muskip10
\c@parentequation=\count94
\dspbrk@lvl=\count95
\tag@help=\toks17
\row@=\count96
\column@=\count97
\maxfields@=\count98
\andhelp@=\toks18
\eqnshift@=\dimen106
\alignsep@=\dimen107
\tagshift@=\dimen108
\tagwidth@=\dimen109
\totwidth@=\dimen110
\lineht@=\dimen111
\@envbody=\toks19
\multlinegap=\skip44
\multlinetaggap=\skip45
\mathdisplay@stack=\toks20
LaTeX Info: Redefining \[ on input line 2666.
LaTeX Info: Redefining \] on input line 2667.
)
("C:\Program Files\MiKTeX 2.8\tex\latex\amsfonts\amsfonts.sty"
Package: amsfonts 2009/06/22 v3.00 Basic AMSFonts support
\symAMSa=\mathgroup4
\symAMSb=\mathgroup5
LaTeX Font Info:    Overwriting math alphabet `\mathfrak' in version `bold'
(Font)                  U/euf/m/n --> U/euf/b/n on input line 96.
)
("C:\Program Files\MiKTeX 2.8\tex\latex\amsfonts\amssymb.sty"
Package: amssymb 2009/06/22 v3.00
)
("C:\Program Files\MiKTeX 2.8\tex\latex\graphics\graphicx.sty"
Package: graphicx 1999/02/16 v1.0f Enhanced LaTeX Graphics (DPC,SPQR)

("C:\Program Files\MiKTeX 2.8\tex\latex\graphics\keyval.sty"
Package: keyval 1999/03/16 v1.13 key=value parser (DPC)
\KV@toks@=\toks21
)
("C:\Program Files\MiKTeX 2.8\tex\latex\graphics\graphics.sty"
Package: graphics 2009/02/05 v1.0o Standard LaTeX Graphics (DPC,SPQR)

("C:\Program Files\MiKTeX 2.8\tex\latex\graphics\trig.sty"
Package: trig 1999/03/16 v1.09 sin cos tan (DPC)
)
("C:\Program Files\MiKTeX 2.8\tex\latex\00miktex\graphics.cfg"
File: graphics.cfg 2007/01/18 v1.5 graphics configuration of teTeX/TeXLive
)
Package graphics Info: Driver file: pdftex.def on input line 91.

("C:\Program Files\MiKTeX 2.8\tex\latex\pdftex-def\pdftex.def"
File: pdftex.def 2009/08/25 v0.04m Graphics/color for pdfTeX
\Gread@gobject=\count99
))
\Gin@req@height=\dimen112
\Gin@req@width=\dimen113
)
("C:\Program Files\MiKTeX 2.8\tex\latex\oberdiek\epstopdf.sty"
Package: epstopdf 2009/10/17 v2.4 Conversion with epstopdf on the fly (HO)

("C:\Program Files\MiKTeX 2.8\tex\latex\oberdiek\epstopdf-base.sty"
Package: epstopdf-base 2009/10/17 v2.4 Base part for package epstopdf

("C:\Program Files\MiKTeX 2.8\tex\generic\oberdiek\infwarerr.sty"
Package: infwarerr 2007/09/09 v1.2 Providing info/warning/message (HO)
)
("C:\Program Files\MiKTeX 2.8\tex\latex\oberdiek\grfext.sty"
Package: grfext 2007/09/30 v1.0 Managing graphics extensions (HO)
)
("C:\Program Files\MiKTeX 2.8\tex\latex\oberdiek\kvoptions.sty"
Package: kvoptions 2009/08/13 v3.4 Keyval support for LaTeX options (HO)

("C:\Program Files\MiKTeX 2.8\tex\generic\oberdiek\kvsetkeys.sty"
Package: kvsetkeys 2009/07/30 v1.5 Key value parser with default handler suppor
t (HO)

("C:\Program Files\MiKTeX 2.8\tex\generic\oberdiek\etexcmds.sty"
Package: etexcmds 2007/12/12 v1.2 Prefix for e-TeX command names (HO)
Package etexcmds Info: Could not find \expanded.
(etexcmds)             That can mean that you are not using pdfTeX 1.50 or
(etexcmds)             that some package has redefined \expanded.
(etexcmds)             In the latter case, load this package earlier.
)))
("C:\Program Files\MiKTeX 2.8\tex\generic\oberdiek\pdftexcmds.sty"
Package: pdftexcmds 2009/09/23 v0.6 LuaTeX support for pdfTeX utility functions
 (HO)

("C:\Program Files\MiKTeX 2.8\tex\generic\oberdiek\ifluatex.sty"
Package: ifluatex 2009/04/17 v1.2 Provides the ifluatex switch (HO)
Package ifluatex Info: LuaTeX not detected.
)
("C:\Program Files\MiKTeX 2.8\tex\generic\oberdiek\ltxcmds.sty"
Package: ltxcmds 2009/08/05 v1.0 Some LaTeX kernel commands for general use (HO
)
)
Package pdftexcmds Info: LuaTeX not detected.
Package pdftexcmds Info: \pdf@primitive is available.
Package pdftexcmds Info: \pdf@ifprimitive is available.
)
Package grfext Info: Graphics extension search list:
(grfext)             [.png,.pdf,.jpg,.mps,.jpeg,.jbig2,.jb2,.PNG,.PDF,.JPG,.JPE
G,.JBIG2,.JB2,.eps]
(grfext)             \AppendGraphicsExtensions on input line 433.
))
("C:\Program Files\MiKTeX 2.8\tex\generic\babel\babel.sty"
Package: babel 2008/07/06 v3.8l The Babel package

*************************************
* Local config file bblopts.cfg used
*
("C:\Program Files\MiKTeX 2.8\tex\latex\00miktex\bblopts.cfg"
File: bblopts.cfg 2006/07/31 v1.0 MiKTeX 'babel' configuration
)
("C:\Program Files\MiKTeX 2.8\tex\generic\babel\ngermanb.ldf"
Language: ngermanb 2008/07/06 v2.6n new German support from the babel system

("C:\Program Files\MiKTeX 2.8\tex\generic\babel\babel.def"
File: babel.def 2008/07/06 v3.8l Babel common definitions
\babel@savecnt=\count100
\U@D=\dimen114
)
\l@naustrian = a dialect from \language\l@ngerman 
Package babel Info: Making " an active character on input line 92.
))
(C:\Users\Florian\AppData\Roaming\MiKTeX\2.8\tex\latex\translator\base\translat
or.sty
Package: translator 2007/03/11 ver 1.00

(C:\Users\Florian\AppData\Roaming\MiKTeX\2.8\tex\latex\translator\base\translat
or-language-mappings.tex))
("C:\Program Files\MiKTeX 2.8\tex\latex\hyperref\hyperref.sty"
Package: hyperref 2009/10/19 v6.79b Hypertext links for LaTeX

("C:\Program Files\MiKTeX 2.8\tex\generic\oberdiek\ifpdf.sty"
Package: ifpdf 2009/04/10 v2.0 Provides the ifpdf switch (HO)
Package ifpdf Info: pdfTeX in pdf mode detected.
)
("C:\Program Files\MiKTeX 2.8\tex\generic\oberdiek\ifvtex.sty"
Package: ifvtex 2008/11/04 v1.4 Switches for detecting VTeX and its modes (HO)
Package ifvtex Info: VTeX not detected.
)
("C:\Program Files\MiKTeX 2.8\tex\latex\ifxetex\ifxetex.sty"
Package: ifxetex 2009/01/23 v0.5 Provides ifxetex conditional
)
("C:\Program Files\MiKTeX 2.8\tex\latex\oberdiek\hycolor.sty"
Package: hycolor 2009/10/02 v1.5 Code for color options of hyperref/bookmark (H
O)

("C:\Program Files\MiKTeX 2.8\tex\latex\oberdiek\xcolor-patch.sty"
Package: xcolor-patch 2009/10/02 xcolor patch
))
\@linkdim=\dimen115
\Hy@linkcounter=\count101
\Hy@pagecounter=\count102

("C:\Program Files\MiKTeX 2.8\tex\latex\hyperref\pd1enc.def"
File: pd1enc.def 2009/10/19 v6.79b Hyperref: PDFDocEncoding definition (HO)
Now handling font encoding PD1 ...
... no UTF-8 mapping file for font encoding PD1
)
("C:\Program Files\MiKTeX 2.8\tex\latex\00miktex\hyperref.cfg"
File: hyperref.cfg 2002/06/06 v1.2 hyperref configuration of TeXLive
)
Package hyperref Info: Hyper figures OFF on input line 2975.
Package hyperref Info: Link nesting OFF on input line 2980.
Package hyperref Info: Hyper index ON on input line 2983.
Package hyperref Info: Plain pages OFF on input line 2990.
Package hyperref Info: Backreferencing OFF on input line 2995.

Implicit mode ON; LaTeX internals redefined
Package hyperref Info: Bookmarks ON on input line 3191.
("C:\Program Files\MiKTeX 2.8\tex\latex\ltxmisc\url.sty"
\Urlmuskip=\muskip11
Package: url 2006/04/12  ver 3.3  Verb mode for urls, etc.
)
LaTeX Info: Redefining \url on input line 3428.

("C:\Program Files\MiKTeX 2.8\tex\generic\oberdiek\bitset.sty"
Package: bitset 2007/09/28 v1.0 Data type bit set (HO)

("C:\Program Files\MiKTeX 2.8\tex\generic\oberdiek\intcalc.sty"
Package: intcalc 2007/09/27 v1.1 Expandable integer calculations (HO)
)
("C:\Program Files\MiKTeX 2.8\tex\generic\oberdiek\bigintcalc.sty"
Package: bigintcalc 2007/11/11 v1.1 Expandable big integer calculations (HO)
))
\Fld@menulength=\count103
\Field@Width=\dimen116
\Fld@charsize=\dimen117
\Field@toks=\toks22
Package hyperref Info: Hyper figures OFF on input line 4377.
Package hyperref Info: Link nesting OFF on input line 4382.
Package hyperref Info: Hyper index ON on input line 4385.
Package hyperref Info: backreferencing OFF on input line 4392.
Package hyperref Info: Link coloring OFF on input line 4397.
Package hyperref Info: Link coloring with OCG OFF on input line 4402.
Package hyperref Info: PDF/A mode OFF on input line 4407.

("C:\Program Files\MiKTeX 2.8\tex\generic\oberdiek\atbegshi.sty"
Package: atbegshi 2008/07/31 v1.9 At begin shipout hook (HO)
)
\Hy@abspage=\count104
\c@Item=\count105
\c@Hfootnote=\count106
)
*hyperref using default driver hpdftex*
("C:\Program Files\MiKTeX 2.8\tex\latex\hyperref\hpdftex.def"
File: hpdftex.def 2009/10/19 v6.79b Hyperref driver for pdfTeX
\Fld@listcount=\count107
)
(C:\Users\Florian\AppData\Roaming\MiKTeX\2.8\tex\latex\glossaries\base\glossari
es.sty
Package: glossaries 2010/07/10 v2.07 (NLCT)
 ("C:\Program Files\MiKTeX 2.8\tex\latex\base\ifthen.sty"
Package: ifthen 2001/05/26 v1.1c Standard LaTeX ifthen package (DPC)
)
("C:\Program Files\MiKTeX 2.8\tex\latex\xkeyval\xkeyval.sty"
Package: xkeyval 2008/08/13 v2.6a package option processing (HA)

("C:\Program Files\MiKTeX 2.8\tex\generic\xkeyval\xkeyval.tex"
\XKV@toks=\toks23
\XKV@tempa@toks=\toks24
\XKV@depth=\count108
File: xkeyval.tex 2008/08/13 v2.6a key=value parser (HA)
))
(C:\Users\Florian\AppData\Roaming\MiKTeX\2.8\tex\latex\glossaries\base\mfirstuc
.sty
Package: mfirstuc 2009/11/03 v1.04 (NLCT)
\@glsmfirst=\toks25
\@glsmrest=\toks26
) (C:\Users\Florian\AppData\Roaming\MiKTeX\2.8\tex\latex\xfor\xfor.sty
Package: xfor 2009/02/05 v1.05 (NLCT)
)
\gls@level=\count109
\@gls@tmpb=\toks27
\gls@tmplen=\skip46
\istfile=\write3
\glskeylisttok=\toks28
\glslabeltok=\toks29
\glsshorttok=\toks30
\glslongtok=\toks31

(C:\Users\Florian\AppData\Roaming\MiKTeX\2.8\tex\latex\glossaries\styles\glossa
ry-hypernav.sty
Package: glossary-hypernav 2007/07/04 v1.01 (NLCT)
)
(C:\Users\Florian\AppData\Roaming\MiKTeX\2.8\tex\latex\glossaries\styles\glossa
ry-list.sty
Package: glossary-list 2009/05/30 v2.01 (NLCT)
\glslistdottedwidth=\skip47
)
(C:\Users\Florian\AppData\Roaming\MiKTeX\2.8\tex\latex\glossaries\styles\glossa
ry-long.sty
Package: glossary-long 2009/05/30 v2.01 (NLCT)
 ("C:\Program Files\MiKTeX 2.8\tex\latex\tools\longtable.sty"
Package: longtable 2004/02/01 v4.11 Multi-page Table package (DPC)
\LTleft=\skip48
\LTright=\skip49
\LTpre=\skip50
\LTpost=\skip51
\LTchunksize=\count110
\LTcapwidth=\dimen118
\LT@head=\box28
\LT@firsthead=\box29
\LT@foot=\box30
\LT@lastfoot=\box31
\LT@cols=\count111
\LT@rows=\count112
\c@LT@tables=\count113
\c@LT@chunks=\count114
\LT@p@ftn=\toks32
)
\glsdescwidth=\skip52
\glspagelistwidth=\skip53
)
(C:\Users\Florian\AppData\Roaming\MiKTeX\2.8\tex\latex\glossaries\styles\glossa
ry-super.sty
Package: glossary-super 2009/05/30 v2.01 (NLCT)

(C:\Users\Florian\AppData\Roaming\MiKTeX\2.8\tex\latex\supertabular\supertabula
r.sty
Package: supertabular 2004/02/20 v4.1e the supertabular environment
\c@tracingst=\count115
\ST@wd=\dimen119
\ST@rightskip=\skip54
\ST@leftskip=\skip55
\ST@parfillskip=\skip56
\ST@pageleft=\dimen120
\ST@headht=\dimen121
\ST@tailht=\dimen122
\ST@pagesofar=\dimen123
\ST@pboxht=\dimen124
\ST@lineht=\dimen125
\ST@stretchht=\dimen126
\ST@prevht=\dimen127
\ST@toadd=\dimen128
\ST@dimen=\dimen129
\ST@pbox=\box32
))
(C:\Users\Florian\AppData\Roaming\MiKTeX\2.8\tex\latex\glossaries\styles\glossa
ry-tree.sty
Package: glossary-tree 2009/01/14 v1.01 (NLCT)
\glstreeindent=\skip57
))
\glo@main@file=\write4
Package glossaries Info: Writing glossary file pflichtenheft.glo on input line 
21.
\glo@acronym@file=\write5
Package glossaries Info: Writing glossary file pflichtenheft.acn on input line 
21.

No file pflichtenheft.aux.
LaTeX Font Info:    Checking defaults for OML/cmm/m/it on input line 59.
LaTeX Font Info:    ... okay on input line 59.
LaTeX Font Info:    Checking defaults for T1/cmr/m/n on input line 59.
LaTeX Font Info:    ... okay on input line 59.
LaTeX Font Info:    Checking defaults for OT1/cmr/m/n on input line 59.
LaTeX Font Info:    ... okay on input line 59.
LaTeX Font Info:    Checking defaults for OMS/cmsy/m/n on input line 59.
LaTeX Font Info:    ... okay on input line 59.
LaTeX Font Info:    Checking defaults for OMX/cmex/m/n on input line 59.
LaTeX Font Info:    ... okay on input line 59.
LaTeX Font Info:    Checking defaults for U/cmr/m/n on input line 59.
LaTeX Font Info:    ... okay on input line 59.
LaTeX Font Info:    Checking defaults for PD1/pdf/m/n on input line 59.
LaTeX Font Info:    ... okay on input line 59.
("C:\Program Files\MiKTeX 2.8\tex\context\base\supp-pdf.tex"
[Loading MPS to PDF converter (version 2006.09.02).]
\scratchcounter=\count116
\scratchdimen=\dimen130
\scratchbox=\box33
\nofMPsegments=\count117
\nofMParguments=\count118
\everyMPshowfont=\toks33
\MPscratchCnt=\count119
\MPscratchDim=\dimen131
\MPnumerator=\count120
\everyMPtoPDFconversion=\toks34
)
(C:\Users\Florian\AppData\Roaming\MiKTeX\2.8\tex\latex\glossaries\dict\glossari
es-dictionary-English.dict
Dictionary: glossaries-dictionary, Language: English 
)
(C:\Users\Florian\AppData\Roaming\MiKTeX\2.8\tex\latex\glossaries\dict\glossari
es-dictionary-German.dict
Dictionary: glossaries-dictionary, Language: German 
)
Package hyperref Info: Link coloring OFF on input line 59.

("C:\Program Files\MiKTeX 2.8\tex\latex\hyperref\nameref.sty"
Package: nameref 2007/05/29 v2.31 Cross-referencing by name of section

("C:\Program Files\MiKTeX 2.8\tex\latex\oberdiek\refcount.sty"
Package: refcount 2008/08/11 v3.1 Data extraction from references (HO)
)
\c@section@level=\count121
)
LaTeX Info: Redefining \ref on input line 59.
LaTeX Info: Redefining \pageref on input line 59.
\@outlinefile=\write6
\AtBeginShipoutBox=\box34
Package epstopdf Info: Source file: <logo.eps>
(epstopdf)                    date: 2010-10-26 17:55:21
(epstopdf)                    size: 1388790 bytes
(epstopdf)             Output file: <logo-eps-converted-to.pdf>
(epstopdf)             Command: <epstopdf --outfile=logo-eps-converted-to.pdf l
ogo.eps>
(epstopdf)             \includegraphics on input line 61.
runsystem(epstopdf --outfile=logo-eps-converted-to.pdf logo.eps)...executed (al
lowed).

Package epstopdf Info: Result file: <logo-eps-converted-to.pdf>
(epstopdf)                    date: 2010-10-27 15:29:03
(epstopdf)                    size: 91029 bytes.

<logo-eps-converted-to.pdf, id=3, 240.9pt x 466.74374pt>
File: logo-eps-converted-to.pdf Graphic file (type pdf)

<use logo-eps-converted-to.pdf>
LaTeX Font Info:    Try loading font information for U+msa on input line 61.

("C:\Program Files\MiKTeX 2.8\tex\latex\amsfonts\umsa.fd"
File: umsa.fd 2009/06/22 v3.00 AMS symbols A
)
LaTeX Font Info:    Try loading font information for U+msb on input line 61.

("C:\Program Files\MiKTeX 2.8\tex\latex\amsfonts\umsb.fd"
File: umsb.fd 2009/06/22 v3.00 AMS symbols B
) [1

{C:/Users/Florian/AppData/Local/MiKTeX/2.8/pdftex/config/pdftex.map} <C:/Users/
Florian/Desktop/SEP/trunk/pflichtenheft/logo-eps-converted-to.pdf>]
\tf@toc=\write7
 [2]
LaTeX Font Info:    Try loading font information for OMS+cmr on input line 76.

("C:\Program Files\MiKTeX 2.8\tex\latex\base\omscmr.fd"
File: omscmr.fd 1999/05/25 v2.5h Standard LaTeX font definitions
)
LaTeX Font Info:    Font shape `OMS/cmr/m/n' in size <10> not available
(Font)              Font shape `OMS/cmsy/m/n' tried instead on input line 76.

Overfull \hbox (18.58397pt too wide) in paragraph at lines 80--83
\OT1/cmr/m/sl/10 Die Kom-mu-ni-ka-ti-on der e-pucks un-ter-ein-an-der er-folgt 
[]uber ein Bluetooth-
 []

[3] [4]
Overfull \hbox (2.19484pt too wide) in paragraph at lines 162--164
\OT1/cmr/m/sl/10 Der Ar-beitsspei-cher des e-puck Ro-bo-ter stellt ei-ne Ober-g
ren-ze des speicher-
 []

[5] [6]
Overfull \hbox (5.00075pt too wide) in paragraph at lines 205--207
[]\OT1/cmr/m/n/10 Bluetooth f[]ahiges An-dro-id Smart-pho-ne mit ge-eig-ne-ter 
Bild-schirm-aufl[]osung,
 []


Overfull \hbox (12.72293pt too wide) in paragraph at lines 213--215
[]\OT1/cmr/m/n/10 APK-Installationsprogramm zur []Ubertragung der An-wen-dung a
uf das Smart-
 []

[7]
Overfull \hbox (26.12665pt too wide) in paragraph at lines 236--239
\OT1/cmr/m/sl/10 Vorw[]artsfahren er-folgt in Ka-me-ra-rich-tung des Ro-bo-ters
. R[]uckw[]artsbewegungen
 []

[8] [9]
Overfull \hbox (17.8281pt too wide) in paragraph at lines 297--300
\OT1/cmr/m/sl/10 Das Smart-pho-ne kann []uber den ver-bun-de-nen e-puck (\OT1/c
mr/bx/sl/10 /F210/\OT1/cmr/m/sl/10 ) mit s[]amtlichen
 []

LaTeX Font Info:    Font shape `OMS/cmr/m/sl' in size <10> not available
(Font)              Font shape `OMS/cmsy/m/n' tried instead on input line 313.
[10]
Overfull \hbox (7.34874pt too wide) in paragraph at lines 339--343
\OT1/cmr/m/sl/10 Steue-rungs-art zu w[]ahlen. Zur Aus-wahl steht der On-Screen-
Tasten-Joystick
 []

[11]
Overfull \hbox (18.7867pt too wide) in paragraph at lines 358--360
\OT1/cmr/m/sl/10 Die ak-tu-ell dar-ge-stell-te Kar-te kann zu je-der Zeit auf d
em Android-Smartphone
 []

[12]
Overfull \hbox (16.3144pt too wide) in paragraph at lines 368--370
\OT1/cmr/m/sl/10 Durch Zu-sam-men-ar-beit meh-re-rer e-puck Ro-bo-ter wird das 
Spiel-feld m[]oglichst
 []


Overfull \hbox (5.23108pt too wide) in paragraph at lines 372--375
\OT1/cmr/m/sl/10 Die Be-nut-zer-schnit-tel-le des Smart-pho-nes ist kom-for-ta-
bel und []ubersichtlich.
 []

[13]
Package epstopdf Info: Source file: <dialog.eps>
(epstopdf)                    date: 2010-10-25 10:50:06
(epstopdf)                    size: 173681 bytes
(epstopdf)             Output file: <dialog-eps-converted-to.pdf>
(epstopdf)             Command: <epstopdf --outfile=dialog-eps-converted-to.pdf
 dialog.eps>
(epstopdf)             \includegraphics on input line 385.
runsystem(epstopdf --outfile=dialog-eps-converted-to.pdf dialog.eps)...executed
 (allowed).

Package epstopdf Info: Result file: <dialog-eps-converted-to.pdf>
(epstopdf)                    date: 2010-10-27 15:29:08
(epstopdf)                    size: 24286 bytes.
 <dialog-eps-converted-to.pdf, id=121, 563.10374pt x 244.915pt>
File: dialog-eps-converted-to.pdf Graphic file (type pdf)

<use dialog-eps-converted-to.pdf>
<screenshots_neu/start.png, id=122, 333.245pt x 494.84875pt>
File: screenshots_neu/start.png Graphic file (type png)

<use screenshots_neu/start.png>
<screenshots_neu/start_menu.png, id=123, 333.245pt x 493.845pt>
File: screenshots_neu/start_menu.png Graphic file (type png)

<use screenshots_neu/start_menu.png>
<screenshots_neu/start_btsuche.png, id=124, 333.245pt x 492.84125pt>
File: screenshots_neu/start_btsuche.png Graphic file (type png)

<use screenshots_neu/start_btsuche.png> [14 <C:/Users/Florian/Desktop/SEP/trunk
/pflichtenheft/dialog-eps-converted-to.pdf> <C:/Users/Florian/Desktop/SEP/trunk
/pflichtenheft/screenshots_neu/start.png (PNG copy)> <C:/Users/Florian/Desktop/
SEP/trunk/pflichtenheft/screenshots_neu/start_menu.png (PNG copy)> <C:/Users/Fl
orian/Desktop/SEP/trunk/pflichtenheft/screenshots_neu/start_btsuche.png (PNG co
py)>] <screenshots_neu/map.png, id=146, 333.245pt x 493.845pt>
File: screenshots_neu/map.png Graphic file (type png)

<use screenshots_neu/map.png>
<screenshots_neu/map_menu.png, id=147, 332.24126pt x 493.845pt>
File: screenshots_neu/map_menu.png Graphic file (type png)

<use screenshots_neu/map_menu.png>
<screenshots_neu/map_auswahl.png, id=148, 331.2375pt x 492.84125pt>
File: screenshots_neu/map_auswahl.png Graphic file (type png)

<use screenshots_neu/map_auswahl.png>
<screenshots_neu/control.png, id=149, 332.24126pt x 495.8525pt>
File: screenshots_neu/control.png Graphic file (type png)

<use screenshots_neu/control.png>
<screenshots_neu/control_menu.png, id=150, 332.24126pt x 494.84875pt>
File: screenshots_neu/control_menu.png Graphic file (type png)

<use screenshots_neu/control_menu.png>
<screenshots_neu/control_spinner.png, id=151, 332.24126pt x 495.8525pt>
File: screenshots_neu/control_spinner.png Graphic file (type png)

<use screenshots_neu/control_spinner.png>
<screenshots_neu/control_speed.png, id=152, 333.245pt x 492.84125pt>
File: screenshots_neu/control_speed.png Graphic file (type png)

<use screenshots_neu/control_speed.png>

LaTeX Warning: `h' float specifier changed to `ht'.


Overfull \hbox (12.695pt too wide) in paragraph at lines 442--448
\OT1/cmr/m/n/10 schen den bei-den be-schrie-be-nen Steue-rungs-ar-ten []uber ei
n Dropdown-Steuerelement
 []

<screenshots_neu/stats_bmp.png, id=153, 330.23375pt x 493.845pt>
File: screenshots_neu/stats_bmp.png Graphic file (type png)

<use screenshots_neu/stats_bmp.png>
<screenshots_neu/stats_menu.png, id=154, 332.24126pt x 494.84875pt>
File: screenshots_neu/stats_menu.png Graphic file (type png)

<use screenshots_neu/stats_menu.png> [15 <C:/Users/Florian/Desktop/SEP/trunk/pf
lichtenheft/screenshots_neu/map.png (PNG copy)> <C:/Users/Florian/Desktop/SEP/t
runk/pflichtenheft/screenshots_neu/map_menu.png (PNG copy)> <C:/Users/Florian/D
esktop/SEP/trunk/pflichtenheft/screenshots_neu/map_auswahl.png (PNG copy)>]

LaTeX Warning: `h' float specifier changed to `ht'.


Underfull \hbox (badness 10000) in paragraph at lines 457--458

 []

[16 <C:/Users/Florian/Desktop/SEP/trunk/pflichtenheft/screenshots_neu/control.p
ng (PNG copy)> <C:/Users/Florian/Desktop/SEP/trunk/pflichtenheft/screenshots_ne
u/control_menu.png (PNG copy)> <C:/Users/Florian/Desktop/SEP/trunk/pflichtenhef
t/screenshots_neu/control_spinner.png (PNG copy)> <C:/Users/Florian/Desktop/SEP
/trunk/pflichtenheft/screenshots_neu/control_speed.png (PNG copy)>] [17 <C:/Use
rs/Florian/Desktop/SEP/trunk/pflichtenheft/screenshots_neu/stats_bmp.png (PNG c
opy)> <C:/Users/Florian/Desktop/SEP/trunk/pflichtenheft/screenshots_neu/stats_m
enu.png (PNG copy)>] [18]
Overfull \hbox (19.0088pt too wide) in paragraph at lines 509--513
\OT1/cmr/m/sl/10 al-le im Netz-werk be-find-li-chen Teil-neh-mer wer-den im Dro
pdown-Steuerelement
 []

[19]
Overfull \hbox (19.20302pt too wide) in paragraph at lines 537--540
\OT1/cmr/m/sl/10 Nachdem Kar-ten-da-ten auf dem Smart-pho-ne ge-spei-chert wur-
den (\OT1/cmr/bx/sl/10 /T120W/\OT1/cmr/m/sl/10 ),
 []

[20]
No file pflichtenheft.gls.
[21] (C:\Users\Florian\Desktop\SEP\trunk\pflichtenheft\pflichtenheft.aux) ) 
Here is how much of TeX's memory you used:
 7545 strings out of 495285
 108636 string characters out of 3180387
 204072 words of memory out of 3000000
 10491 multiletter control sequences out of 15000+200000
 12561 words of font info for 48 fonts, out of 3000000 for 9000
 14 hyphenation exceptions out of 8191
 41i,8n,36p,1223b,445s stack positions out of 5000i,500n,10000p,200000b,50000s
pdfT
eX warning (dest): name{glo:Knoten} has been referenced but does not exist, rep
laced by a fixed one

pdfTeX warning (dest): name{glo:PLL} has been referenced but does not exist, re
placed by a fixed one

pdfTeX warning (dest): name{glo:Bootloader} has been referenced but does not ex
ist, replaced by a fixed one

pdfTeX warning (dest): name{glo:Feld} has been referenced but does not exist, r
eplaced by a fixed one

<C:/Program Files/MiKTeX 2.8/fonts/type1/public/amsfonts/cm/cmbx10.pfb><C:/Prog
ram Files/MiKTeX 2.8/fonts/type1/public/amsfonts/cm/cmbx12.pfb><C:/Program File
s/MiKTeX 2.8/fonts/type1/public/amsfonts/cm/cmbxsl10.pfb><C:/Program Files/MiKT
eX 2.8/fonts/type1/public/amsfonts/cm/cmr10.pfb><C:/Program Files/MiKTeX 2.8/fo
nts/type1/public/amsfonts/cm/cmr12.pfb><C:/Program Files/MiKTeX 2.8/fonts/type1
/public/amsfonts/cm/cmr17.pfb><C:/Program Files/MiKTeX 2.8/fonts/type1/public/a
msfonts/cm/cmr6.pfb><C:/Program Files/MiKTeX 2.8/fonts/type1/public/amsfonts/cm
/cmr7.pfb><C:/Program Files/MiKTeX 2.8/fonts/type1/public/amsfonts/cm/cmr8.pfb>
<C:/Program Files/MiKTeX 2.8/fonts/type1/public/amsfonts/cm/cmsl10.pfb><C:/Prog
ram Files/MiKTeX 2.8/fonts/type1/public/amsfonts/cm/cmsy10.pfb><C:/Program File
s/MiKTeX 2.8/fonts/type1/public/amsfonts/cm/cmti10.pfb>
Output written on pflichtenheft.pdf (21 pages, 586880 bytes).
PDF statistics:
 248 PDF objects out of 1000 (max. 8388607)
 69 named destinations out of 1000 (max. 500000)
 71 words of extra memory for PDF output out of 10000 (max. 10000000)

